This is LuaHBTeX, Version 1.18.0 (TeX Live 2024/Arch Linux)  (format=lualatex 2024.5.15)  18 MAY 2024 14:21
 restricted system commands enabled.
**SAMPLE_html.tex
(./SAMPLE_html.tex
LaTeX2e <2023-11-01> patch level 1
L3 programming layer <2024-02-20>
Lua module: luaotfload 2024-02-14 3.28 Lua based OpenType font support
Lua module: lualibs 2023-07-13 2.76 ConTeXt Lua standard libraries.
Lua module: lualibs-extended 2023-07-13 2.76 ConTeXt Lua libraries -- extended c
ollection.
luaotfload | conf : Root cache directory is "/home/alberto/.texlive/texmf-var/lu
atex-cache/generic/names".
luaotfload | init : Loading fontloader "fontloader-2023-12-28.lua" from kpse-res
olved path "/usr/share/texmf-dist/tex/luatex/luaotfload/fontloader-2023-12-28.lu
a".
Lua-only attribute luaotfload@noligature = 1
luaotfload | init : Context OpenType loader version 3.134
Inserting `luaotfload.node_processor' in `pre_linebreak_filter'.
Inserting `luaotfload.node_processor' in `hpack_filter'.
Inserting `luaotfload.glyph_stream' in `glyph_stream_provider'.
Inserting `luaotfload.define_font' in `define_font'.
Lua-only attribute luaotfload_color_attribute = 2
luaotfload | conf : Root cache directory is "/home/alberto/.texlive/texmf-var/lu
atex-cache/generic/names".
Inserting `luaotfload.harf.strip_prefix' in `find_opentype_file'.
Inserting `luaotfload.harf.strip_prefix' in `find_truetype_file'.
Removing  `luaotfload.glyph_stream' from `glyph_stream_provider'.
Inserting `luaotfload.harf.glyphstream' in `glyph_stream_provider'.
Inserting `luaotfload.harf.finalize_vlist' in `post_linebreak_filter'.
Inserting `luaotfload.harf.finalize_hlist' in `hpack_filter'.
Inserting `luaotfload.cleanup_files' in `wrapup_run'.
Inserting `luaotfload.harf.finalize_unicode' in `finish_pdffile'.
Inserting `luaotfload.glyphinfo' in `glyph_info'.
Lua-only attribute luaotfload.letterspace_done = 3
Inserting `luaotfload.aux.set_sscale_dimens' in `luaotfload.patch_font'.
Inserting `luaotfload.aux.set_font_index' in `luaotfload.patch_font'.
Inserting `luaotfload.aux.patch_cambria_domh' in `luaotfload.patch_font'.
Inserting `luaotfload.aux.fixup_fontdata' in `luaotfload.patch_font_unsafe'.
Inserting `luaotfload.aux.set_capheight' in `luaotfload.patch_font'.
Inserting `luaotfload.aux.set_xheight' in `luaotfload.patch_font'.
Inserting `luaotfload.rewrite_fontname' in `luaotfload.patch_font'.
Inserting `tracingstacklevels' in `input_level_string'. (./SAMPLE.tex (/usr/sha
re/texmf-dist/tex/latex/base/book.cls
Document Class: book 2023/05/17 v1.4n Standard LaTeX document class
(/usr/share/texmf-dist/tex/latex/base/bk10.clo
File: bk10.clo 2023/05/17 v1.4n Standard LaTeX file (size option)
luaotfload | db : Font names database loaded from /home/alberto/.texlive/texmf-v
ar/luatex-cache/generic/names/luaotfload-names.luc.gz)
\c@part=\count186
\c@chapter=\count187
\c@section=\count188
\c@subsection=\count189
\c@subsubsection=\count190
\c@paragraph=\count191
\c@subparagraph=\count192
\c@figure=\count193
\c@table=\count194
\abovecaptionskip=\skip48
\belowcaptionskip=\skip49
\bibindent=\dimen139
)
(/usr/share/texmf-dist/tex/latex/lwarp/lwarp.sty
Package: lwarp 2024/02/22 v0.916 Allows LaTeX to directly produce HTML5 output.


(/usr/share/texmf-dist/tex/generic/iftex/iftex.sty
Package: iftex 2022/02/03 v1.0f TeX engine tests
)
(/usr/share/texmf-dist/tex/generic/iftex/ifpdf.sty
Package: ifpdf 2019/10/25 v3.4 ifpdf legacy package. Use iftex instead.
)
(/usr/share/texmf-dist/tex/generic/ifptex/ifptex.sty
Package: ifptex 2023/04/08 v2.2c pTeX checker
)
(/usr/share/texmf-dist/tex/latex/etoolbox/etoolbox.sty
Package: etoolbox 2020/10/05 v2.5k e-TeX tools for LaTeX (JAW)
\etb@tempcnta=\count195
)
(/usr/share/texmf-dist/tex/latex/verifycommand/verifycommand.sty
Package: verifycommand 2024/01/11 v1.00 Verify definitions have not changed.

(/usr/share/texmf-dist/tex/generic/pdftexcmds/pdftexcmds.sty
Package: pdftexcmds 2020-06-27 v0.33 Utility functions of pdfTeX for LuaTeX (HO
)

(/usr/share/texmf-dist/tex/generic/infwarerr/infwarerr.sty
Package: infwarerr 2019/12/03 v1.5 Providing info/warning/error messages (HO)
)
(/usr/share/texmf-dist/tex/generic/ltxcmds/ltxcmds.sty
Package: ltxcmds 2023-12-04 v1.26 LaTeX kernel commands for general use (HO)
)
Package pdftexcmds Info: \pdf@primitive is available.
Package pdftexcmds Info: \pdf@ifprimitive is available.
Package pdftexcmds Info: \pdfdraftmode found.
\pdftexcmds@toks=\toks17
))
(/usr/share/texmf-dist/tex/latex/xpatch/xpatch.sty
(/usr/share/texmf-dist/tex/latex/l3kernel/expl3.sty
Package: expl3 2024-02-20 L3 programming layer (loader) 

(/usr/share/texmf-dist/tex/latex/l3backend/l3backend-luatex.def
File: l3backend-luatex.def 2024-02-20 L3 backend support: PDF output (LuaTeX)
\l__color_backend_stack_int=\count196
Inserting `l3color' in `luaotfload.parse_color'.
\l__pdf_internal_box=\box51
))
Package: xpatch 2020/03/25 v0.3a Extending etoolbox patching commands

(/usr/share/texmf-dist/tex/latex/l3packages/xparse/xparse.sty
Package: xparse 2024-02-18 L3 Experimental document command parser
))
(/usr/share/texmf-dist/tex/latex/ifplatform/ifplatform.sty
Package: ifplatform 2017/10/13 v0.4a Testing for the operating system

(/usr/share/texmf-dist/tex/latex/tools/shellesc.sty
Package: shellesc 2023/07/08 v1.0d unified shell escape interface for LaTeX
Package shellesc Info: Restricted shell escape enabled on input line 77.
)
(/usr/share/texmf-dist/tex/generic/catchfile/catchfile.sty
Package: catchfile 2019/12/09 v1.8 Catch the contents of a file (HO)

(/usr/share/texmf-dist/tex/generic/etexcmds/etexcmds.sty
Package: etexcmds 2019/12/15 v1.7 Avoid name clashes with e-TeX commands (HO)
))
(/usr/share/texmf-dist/tex/generic/iftex/ifluatex.sty
Package: ifluatex 2019/10/25 v1.5 ifluatex legacy package. Use iftex instead.
))
(/usr/share/texmf-dist/tex/latex/letltxmacro/letltxmacro.sty
Package: letltxmacro 2019/12/03 v1.6 Let assignment for LaTeX macros (HO)
)
(/usr/share/texmf-dist/tex/latex/newunicodechar/newunicodechar.sty
Package: newunicodechar 2018/04/08 v1.2 Defining Unicode characters
)
\LWR@templengthone=\skip50
\LWR@templengthtwo=\skip51
\LWR@templengththree=\skip52
\c@LWR@tempcountone=\count197
\c@LWR@texboxdepth=\count198

(/usr/share/texmf-dist/tex/latex/kvoptions/kvoptions.sty
Package: kvoptions 2022-06-15 v3.15 Key value format for package options (HO)

(/usr/share/texmf-dist/tex/latex/graphics/keyval.sty
Package: keyval 2022/05/29 v1.15 key=value parser (DPC)
\KV@toks@=\toks18
)
(/usr/share/texmf-dist/tex/latex/kvsetkeys/kvsetkeys.sty
Package: kvsetkeys 2022-10-05 v1.19 Key value parser (HO)
))
Package lwarp Info: Using option 'warpHTML' on input line 1198.
Package lwarp Info: Using option 'mathjax' on input line 1198.

(/usr/share/texmf-dist/tex/latex/comment/comment.sty
\CommentStream=\write3

Excluding comment 'comment') Lwarp: Including comment 'warpall'
Lwarp: Including comment 'warpHTML' Lwarp: Excluding comment 'warpprint'
Excluding 'warpprint' comment. Including 'warpHTML' comment.
\openout3 = comment_html.cut

Straight input of comment_html.cut. (./comment_html.cut
Lwarp: Including comment 'warpMathJax') Excluding 'warpprint' comment.
Including 'warpHTML' comment.
\openout3 = comment_html.cut
 Straight input of comment_html.cut.
(./comment_html.cut Lwarp: Excluding comment 'warpsvg')
Lwarp: Excluding comment 'LWRcreatelwarpmk' Including 'warpHTML' comment.
\openout3 = comment_html.cut

Straight input of comment_html.cut. (./comment_html.cut
(/usr/share/texmf-dist/tex/latex/fontspec/fontspec.sty
Package: fontspec 2024/02/13 v2.9a Font selection for XeLaTeX and LuaLaTeX
Lua module: fontspec 2024/02/13 2.9a Font selection for XeLaTeX and LuaLaTeX
(/usr/share/texmf-dist/tex/latex/fontspec/fontspec-luatex.sty
Package: fontspec-luatex 2024/02/13 v2.9a Font selection for XeLaTeX and LuaLaT
eX
\l__fontspec_script_int=\count199
\l__fontspec_language_int=\count266
\l__fontspec_strnum_int=\count267
\l__fontspec_tmp_int=\count268
\l__fontspec_tmpa_int=\count269
\l__fontspec_tmpb_int=\count270
\l__fontspec_tmpc_int=\count271
\l__fontspec_em_int=\count272
\l__fontspec_emdef_int=\count273
\l__fontspec_strong_int=\count274
\l__fontspec_strongdef_int=\count275
\l__fontspec_tmpa_dim=\dimen140
\l__fontspec_tmpb_dim=\dimen141
\l__fontspec_tmpc_dim=\dimen142

(/usr/share/texmf-dist/tex/latex/base/fontenc.sty
Package: fontenc 2021/04/29 v2.0v Standard LaTeX package
)
(/usr/share/texmf-dist/tex/latex/fontspec/fontspec.cfg))))
Including 'warpHTML' comment.
\openout3 = comment_html.cut
 Straight input of comment_html.cut.
(./comment_html.cut (/usr/share/texmf-dist/tex/latex/geometry/geometry.sty
Package: geometry 2020/01/02 v5.9 Page Geometry

(/usr/share/texmf-dist/tex/generic/iftex/ifvtex.sty
Package: ifvtex 2019/10/25 v1.7 ifvtex legacy package. Use iftex instead.
)
\Gm@cnth=\count276
\Gm@cntv=\count277
\c@Gm@tempcnt=\count278
\Gm@bindingoffset=\dimen143
\Gm@wd@mp=\dimen144
\Gm@odd@mp=\dimen145
\Gm@even@mp=\dimen146
\Gm@layoutwidth=\dimen147
\Gm@layoutheight=\dimen148
\Gm@layouthoffset=\dimen149
\Gm@layoutvoffset=\dimen150
\Gm@dimlist=\toks19
))
Including 'warpall' comment.
\openout3 = comment_all.cut
 Straight input of comment_all.cut.
(./comment_all.cut (/usr/share/texmf-dist/tex/latex/tools/calc.sty
Package: calc 2023/07/08 v4.3 Infix arithmetic (KKT,FJ)
\calc@Acount=\count279
\calc@Bcount=\count280
\calc@Adimen=\dimen151
\calc@Bdimen=\dimen152
\calc@Askip=\skip53
\calc@Bskip=\skip54
LaTeX Info: Redefining \setlength on input line 80.
LaTeX Info: Redefining \addtolength on input line 81.
\calc@Ccount=\count281
\calc@Cskip=\skip55
))
Including 'warpHTML' comment.
\openout3 = comment_html.cut
 Straight input of comment_html.cut.
(./comment_html.cut
(/usr/share/texmf-dist/tex/generic/gettitlestring/gettitlestring.sty
Package: gettitlestring 2019/12/15 v1.6 Cleanup title references (HO)
))
Including 'warpall' comment.
\openout3 = comment_all.cut
 Straight input of comment_all.cut.
(./comment_all.cut) Including 'warpHTML' comment.
\openout3 = comment_html.cut

Straight input of comment_html.cut. (./comment_html.cut
(/usr/share/texmf-dist/tex/latex/xifthen/xifthen.sty
Package: xifthen 2015/11/05 v1.4.0 Extended ifthen features

(/usr/share/texmf-dist/tex/latex/base/ifthen.sty
Package: ifthen 2022/04/13 v1.1d Standard LaTeX ifthen package (DPC)
)
(/usr/share/texmf-dist/tex/latex/ifmtarg/ifmtarg.sty
Package: ifmtarg 2018/04/16 v1.2b check for an empty argument
))
(/usr/share/texmf-dist/tex/latex/tools/verbatim.sty
Package: verbatim 2023-11-06 v1.5v LaTeX2e package for verbatim enhancements
\every@verbatim=\toks20
\verbatim@line=\toks21
\verbatim@in@stream=\read2
)
(/usr/share/texmf-dist/tex/latex/refcount/refcount.sty
Package: refcount 2019/12/15 v3.6 Data extraction from label references (HO)
)
(/usr/share/texmf-dist/tex/latex/newfloat/newfloat.sty
Package: newfloat 2023/10/01 v1.2 Defining new floating environments (AR)
Package newfloat Info: Document class `book' detected (original).
))
Including 'warpall' comment.
\openout3 = comment_all.cut
 Straight input of comment_all.cut.
(./comment_all.cut (/usr/share/texmf-dist/tex/generic/xstring/xstring.sty
(/usr/share/texmf-dist/tex/generic/xstring/xstring.tex
\xs_counta=\count282
\xs_countb=\count283
)
Package: xstring 2023/08/22 v1.86 String manipulations (CT)
)
(/usr/share/texmf-dist/tex/latex/environ/environ.sty
Package: environ 2014/05/04 v0.3 A new way to define environments

(/usr/share/texmf-dist/tex/latex/trimspaces/trimspaces.sty
Package: trimspaces 2009/09/17 v1.1 Trim spaces around a token list
)
\@envbody=\toks22
))
Including 'warpHTML' comment.
\openout3 = comment_html.cut
 Straight input of comment_html.cut.
(./comment_html.cut (/usr/share/texmf-dist/tex/latex/printlen/printlen.sty
Package: printlen 2009/09/03 v1.1a print lengths with units
))
Including 'warpall' comment.
\openout3 = comment_all.cut
 Straight input of comment_all.cut.
(./comment_all.cut) Including 'warpHTML' comment.
\openout3 = comment_html.cut

Straight input of comment_html.cut. (./comment_html.cut)
Including 'warpall' comment.
\openout3 = comment_all.cut
 Straight input of comment_all.cut.
(./comment_all.cut
\LWR@quickfile=\write4
) Including 'warpHTML' comment.
\openout3 = comment_html.cut

Straight input of comment_html.cut. (./comment_html.cut
\LWR@lateximagesfile=\write5
)
Including 'warpHTML' comment.
\openout3 = comment_html.cut
 Straight input of comment_html.cut.
(./comment_html.cut) Including 'warpHTML' comment.
\openout3 = comment_html.cut

Straight input of comment_html.cut. (./comment_html.cut
\LWR@copyoutfile=\write6
\LWR@copyinfile=\read3
)
Including 'warpall' comment.
\openout3 = comment_all.cut
 Straight input of comment_all.cut.
(./comment_all.cut) Including 'warpall' comment.
\openout3 = comment_all.cut

Straight input of comment_all.cut. (./comment_all.cut)
Including 'warpHTML' comment.
\openout3 = comment_html.cut
 Straight input of comment_html.cut.
(./comment_html.cut) Including 'warpall' comment.
\openout3 = comment_all.cut

Straight input of comment_all.cut. (./comment_all.cut)
Including 'warpHTML' comment.
\openout3 = comment_html.cut
 Straight input of comment_html.cut.
(./comment_html.cut) Including 'warpHTML' comment.
\openout3 = comment_html.cut

Straight input of comment_html.cut. (./comment_html.cut)
Including 'warpHTML' comment.
\openout3 = comment_html.cut
 Straight input of comment_html.cut.
(./comment_html.cut) Lwarp: Excluding comment 'LWRwriteconf'
Excluding 'warpprint' comment. Excluding 'LWRwriteconf' comment.
Excluding 'LWRwriteconf' comment. Excluding 'LWRwriteconf' comment.
Excluding 'LWRwriteconf' comment. Excluding 'LWRwriteconf' comment.
Excluding 'LWRwriteconf' comment. Excluding 'LWRwriteconf' comment.
Excluding 'LWRwriteconf' comment. Excluding 'LWRwriteconf' comment.
Excluding 'LWRwriteconf' comment. Excluding 'LWRwriteconf' comment.
Excluding 'LWRwriteconf' comment. Excluding 'LWRcreatelwarpmk' comment.
Including 'warpHTML' comment.
\openout3 = comment_html.cut
 Straight input of comment_html.cut.
(./comment_html.cut) Including 'warpHTML' comment.
\openout3 = comment_html.cut

Straight input of comment_html.cut. (./comment_html.cut)
Including 'warpall' comment.
\openout3 = comment_all.cut
 Straight input of comment_all.cut.
(./comment_all.cut) Including 'warpHTML' comment.
\openout3 = comment_html.cut

Straight input of comment_html.cut. (./comment_html.cut)
Including 'warpall' comment.
\openout3 = comment_all.cut
 Straight input of comment_all.cut.
(./comment_all.cut) Including 'warpHTML' comment.
\openout3 = comment_html.cut

Straight input of comment_html.cut. (./comment_html.cut)
Including 'warpall' comment.
\openout3 = comment_all.cut
 Straight input of comment_all.cut.
(./comment_all.cut) Including 'warpHTML' comment.
\openout3 = comment_html.cut

Straight input of comment_html.cut. (./comment_html.cut
\c@LWR@HTMLpagenum=\count284
\c@LWR@htmlseqfilenumber=\count285
\c@LWR@htmlfilenumber=\count286
)
Including 'warpall' comment.
\openout3 = comment_all.cut
 Straight input of comment_all.cut.
(./comment_all.cut) Including 'warpHTML' comment.
\openout3 = comment_html.cut

Straight input of comment_html.cut. (./comment_html.cut)
Excluding 'warpprint' comment. Including 'warpHTML' comment.
\openout3 = comment_html.cut

Straight input of comment_html.cut. (./comment_html.cut)
Including 'warpall' comment.
\openout3 = comment_all.cut
 Straight input of comment_all.cut.
(./comment_all.cut) Excluding 'warpprint' comment.
Including 'warpHTML' comment.
\openout3 = comment_html.cut
 Straight input of comment_html.cut.
(./comment_html.cut) Including 'warpHTML' comment.
\openout3 = comment_html.cut

Straight input of comment_html.cut. (./comment_html.cut)
Excluding 'warpprint' comment. Including 'warpHTML' comment.
\openout3 = comment_html.cut

Straight input of comment_html.cut. (./comment_html.cut)
Including 'warpHTML' comment.
\openout3 = comment_html.cut
 Straight input of comment_html.cut.
(./comment_html.cut) Including 'warpHTML' comment.
\openout3 = comment_html.cut

Straight input of comment_html.cut. (./comment_html.cut)
Including 'warpall' comment.
\openout3 = comment_all.cut
 Straight input of comment_all.cut.
(./comment_all.cut) Including 'warpHTML' comment.
\openout3 = comment_html.cut

Straight input of comment_html.cut. (./comment_html.cut)
Including 'warpall' comment.
\openout3 = comment_all.cut
 Straight input of comment_all.cut.
(./comment_all.cut) Including 'warpHTML' comment.
\openout3 = comment_html.cut

Straight input of comment_html.cut. (./comment_html.cut)
Including 'warpall' comment.
\openout3 = comment_all.cut
 Straight input of comment_all.cut.
(./comment_all.cut) Including 'warpHTML' comment.
\openout3 = comment_html.cut

Straight input of comment_html.cut. (./comment_html.cut)
Including 'warpall' comment.
\openout3 = comment_all.cut
 Straight input of comment_all.cut.
(./comment_all.cut) Including 'warpHTML' comment.
\openout3 = comment_html.cut

Straight input of comment_html.cut. (./comment_html.cut)
Including 'warpHTML' comment.
\openout3 = comment_html.cut
 Straight input of comment_html.cut.
(./comment_html.cut) Including 'warpHTML' comment.
\openout3 = comment_html.cut

Straight input of comment_html.cut. (./comment_html.cut
\c@LWR@spandepth=\count287
)
Including 'warpHTML' comment.
\openout3 = comment_html.cut
 Straight input of comment_html.cut.
(./comment_html.cut) Including 'warpHTML' comment.
\openout3 = comment_html.cut

Straight input of comment_html.cut. (./comment_html.cut)
Including 'warpall' comment.
\openout3 = comment_all.cut
 Straight input of comment_all.cut.
(./comment_all.cut) Including 'warpHTML' comment.
\openout3 = comment_html.cut

Straight input of comment_html.cut. (./comment_html.cut)
Excluding 'warpprint' comment. Including 'warpHTML' comment.
\openout3 = comment_html.cut

Straight input of comment_html.cut. (./comment_html.cut)
Excluding 'warpprint' comment. Including 'warpHTML' comment.
\openout3 = comment_html.cut

Straight input of comment_html.cut. (./comment_html.cut)
Including 'warpall' comment.
\openout3 = comment_all.cut
 Straight input of comment_all.cut.
(./comment_all.cut) Including 'warpall' comment.
\openout3 = comment_all.cut

Straight input of comment_all.cut. (./comment_all.cut
\c@FootnoteDepth=\count288
\c@footnoteReset=\count289
)
Including 'warpHTML' comment.
\openout3 = comment_html.cut
 Straight input of comment_html.cut.
(./comment_html.cut
\LWR@footnotebox=\box52
\LWR@mpfootnotes=\box53
) Including 'warpHTML' comment.
\openout3 = comment_html.cut

Straight input of comment_html.cut. (./comment_html.cut)
Excluding 'warpprint' comment.
\c@LWR@currentautosecpage=\count290
\c@LWR@currentautosecfloatpage=\count291
\c@LWR@previousautopagelabel=\count292
 Including 'warpall' comment.
\openout3 = comment_all.cut

Straight input of comment_all.cut. (./comment_all.cut
\c@FileDepth=\count293
)
Including 'warpHTML' comment.
\openout3 = comment_html.cut
 Straight input of comment_html.cut.
(./comment_html.cut) Including 'warpMathJax' comment.
\openout3 = comment_mathjax.cut

Straight input of comment_mathjax.cut. (./comment_mathjax.cut)
Including 'warpMathJax' comment.
\openout3 = comment_mathjax.cut
 Straight input of comment_mathjax.cut.
(./comment_mathjax.cut) Including 'warpHTML' comment.
\openout3 = comment_html.cut

Straight input of comment_html.cut. (./comment_html.cut)
Excluding 'warpprint' comment. Including 'warpHTML' comment.
\openout3 = comment_html.cut

Straight input of comment_html.cut. (./comment_html.cut)
Including 'warpHTML' comment.
\openout3 = comment_html.cut
 Straight input of comment_html.cut.
(./comment_html.cut) Excluding 'warpprint' comment.
Including 'warpHTML' comment.
\openout3 = comment_html.cut
 Straight input of comment_html.cut.
(./comment_html.cut
\c@LWR@prevFileDepth=\count294
) Including 'warpall' comment.
\openout3 = comment_all.cut

Straight input of comment_all.cut. (./comment_all.cut)
Including 'warpHTML' comment.
\openout3 = comment_html.cut
 Straight input of comment_html.cut.
(./comment_html.cut) Including 'warpHTML' comment.
\openout3 = comment_html.cut

Straight input of comment_html.cut. (./comment_html.cut)
Including 'warpHTML' comment.
\openout3 = comment_html.cut
 Straight input of comment_html.cut.
(./comment_html.cut) Including 'warpall' comment.
\openout3 = comment_all.cut

Straight input of comment_all.cut. (./comment_all.cut)
Including 'warpall' comment.
\openout3 = comment_all.cut
 Straight input of comment_all.cut.
(./comment_all.cut) Excluding 'warpprint' comment.
Including 'warpHTML' comment.
\openout3 = comment_html.cut
 Straight input of comment_html.cut.
(./comment_html.cut) Excluding 'warpprint' comment.
Including 'warpHTML' comment.
\openout3 = comment_html.cut
 Straight input of comment_html.cut.
(./comment_html.cut) Including 'warpHTML' comment.
\openout3 = comment_html.cut

Straight input of comment_html.cut. (./comment_html.cut)
Excluding 'warpprint' comment. Including 'warpHTML' comment.
\openout3 = comment_html.cut

Straight input of comment_html.cut. (./comment_html.cut)
Including 'warpall' comment.
\openout3 = comment_all.cut
 Straight input of comment_all.cut.
(./comment_all.cut) Including 'warpHTML' comment.
\openout3 = comment_html.cut

Straight input of comment_html.cut. (./comment_html.cut)
Including 'warpall' comment.
\openout3 = comment_all.cut
 Straight input of comment_all.cut.
(./comment_all.cut) Including 'warpHTML' comment.
\openout3 = comment_html.cut

Straight input of comment_html.cut. (./comment_html.cut)
Including 'warpHTML' comment.
\openout3 = comment_html.cut
 Straight input of comment_html.cut.
(./comment_html.cut) Including 'warpHTML' comment.
\openout3 = comment_html.cut

Straight input of comment_html.cut. (./comment_html.cut)
Including 'warpall' comment.
\openout3 = comment_all.cut
 Straight input of comment_all.cut.
(./comment_all.cut
\HTMLvleftskip=\skip56
\HTMLleftmargini=\skip57
) Including 'warpall' comment.
\openout3 = comment_all.cut

Straight input of comment_all.cut. (./comment_all.cut
\VerbatimHTMLWidth=\skip58
)
Including 'warpHTML' comment.
\openout3 = comment_html.cut
 Straight input of comment_html.cut.
(./comment_html.cut) Including 'warpHTML' comment.
\openout3 = comment_html.cut

Straight input of comment_html.cut. (./comment_html.cut)
Including 'warpHTML' comment.
\openout3 = comment_html.cut
 Straight input of comment_html.cut.
(./comment_html.cut) Including 'warpHTML' comment.
\openout3 = comment_html.cut

Straight input of comment_html.cut. (./comment_html.cut
\c@LWR@hlines=\count295
\c@LWR@hdashedlines=\count296
\c@LWR@tabulardepth=\count297
\c@LWR@tabularpardepth=\count298
\c@LWR@tablecolspecwidth=\count299
\c@LWR@tablecolspecindex=\count300
\c@LWR@tableLaTeXcolindex=\count301
\c@LWR@tabletotalLaTeXcols=\count302
\c@LWR@tabletotalLaTeXcolsnext=\count303
\c@LWR@cellcolordepth=\count304
\c@LWR@tablemulticolswidth=\count305
\c@LWR@tablemulticolspos=\count306
\c@LWR@mcolvertbarsl=\count307
\c@LWR@mcolvertbarsr=\count308
\c@LWR@mcolvertbarsldash=\count309
\c@LWR@mcolvertbarsrdash=\count310
\c@LWR@midrulecounter=\count311
)
Including 'warpHTML' comment.
\openout3 = comment_html.cut
 Straight input of comment_html.cut.
(./comment_html.cut) Excluding 'warpprint' comment.
Including 'warpHTML' comment.
\openout3 = comment_html.cut
 Straight input of comment_html.cut.
(./comment_html.cut
\rownum=\count312
\LWR@heavyrulewidth=\skip59
\LWR@lightrulewidth=\skip60
\LWR@cmidrulewidth=\skip61
\LWR@thiscmidrulewidth=\skip62
\c@LWR@lastmulticolumn=\count313
\c@LWR@tabhtmlcolindex=\count314
\c@LWR@tabhtmlcolend=\count315
\c@LWR@tabhtmlcoltotal=\count316
) Including 'warpHTML' comment.
\openout3 = comment_html.cut

Straight input of comment_html.cut. (./comment_html.cut)
Including 'warpall' comment.
\openout3 = comment_all.cut
 Straight input of comment_all.cut.
(./comment_all.cut) Including 'warpHTML' comment.
\openout3 = comment_html.cut

Straight input of comment_html.cut. (./comment_html.cut)
Including 'warpall' comment.
\openout3 = comment_all.cut
 Straight input of comment_all.cut.
(./comment_all.cut) Including 'warpHTML' comment.
\openout3 = comment_html.cut

Straight input of comment_html.cut. (./comment_html.cut)
Excluding 'warpprint' comment. Including 'warpHTML' comment.
\openout3 = comment_html.cut

Straight input of comment_html.cut. (./comment_html.cut)
Including 'warpall' comment.
\openout3 = comment_all.cut
 Straight input of comment_all.cut.
(./comment_all.cut) Including 'warpall' comment.
\openout3 = comment_all.cut

Straight input of comment_all.cut. (./comment_all.cut)
Including 'warpHTML' comment.
\openout3 = comment_html.cut
 Straight input of comment_html.cut.
(./comment_html.cut) Including 'warpHTML' comment.
\openout3 = comment_html.cut

Straight input of comment_html.cut. (./comment_html.cut)
Including 'warpHTML' comment.
\openout3 = comment_html.cut
 Straight input of comment_html.cut.
(./comment_html.cut
\c@LWR@thisautoid=\count317
\c@LWR@thisautoidWP=\count318
\c@LWR@nextautoid=\count319
\c@LWR@nextautopage=\count320
 (/usr/share/texmf-dist/tex/latex/capt-of/capt-of.sty
Package: capt-of 2009/12/29 v0.2 standard captions outside of floats
))
Including 'warpHTML' comment.
\openout3 = comment_html.cut
 Straight input of comment_html.cut.
(./comment_html.cut) Including 'warpall' comment.
\openout3 = comment_all.cut

Straight input of comment_all.cut. (./comment_all.cut
\c@SideTOCDepth=\count321
)
Including 'warpHTML' comment.
\openout3 = comment_html.cut
 Straight input of comment_html.cut.
(./comment_html.cut
\c@lofdepth=\count322
\c@lotdepth=\count323
) Including 'warpHTML' comment.
\openout3 = comment_html.cut

Straight input of comment_html.cut. (./comment_html.cut
\c@LWR@autoindex=\count324
\c@LWR@autoglossary=\count325
)
Excluding 'warpprint' comment. Including 'warpall' comment.
\openout3 = comment_all.cut

Straight input of comment_all.cut. (./comment_all.cut)
Including 'warpHTML' comment.
\openout3 = comment_html.cut
 Straight input of comment_html.cut.
(./comment_html.cut) Including 'warpHTML' comment.
\openout3 = comment_html.cut

Straight input of comment_html.cut. (./comment_html.cut)
Including 'warpHTML' comment.
\openout3 = comment_html.cut
 Straight input of comment_html.cut.
(./comment_html.cut) Including 'warpall' comment.
\openout3 = comment_all.cut

Straight input of comment_all.cut. (./comment_all.cut)
Including 'warpHTML' comment.
\openout3 = comment_html.cut
 Straight input of comment_html.cut.
(./comment_html.cut
\c@LWR@externalfilecnt=\count326
\LWR@singledollarwidth=\skip63
\LWR@singledollarheight=\skip64
\LWR@singledollardepth=\skip65
\LWR@singledollarbox=\box54
\c@LWR@nextequation=\count327
) Excluding 'warpprint' comment.
Including 'warpHTML' comment.
\openout3 = comment_html.cut
 Straight input of comment_html.cut.
(./comment_html.cut) Including 'warpHTML' comment.
\openout3 = comment_html.cut

Straight input of comment_html.cut. (./comment_html.cut
\c@LWR@lateximagenumber=\count328
\c@LWR@lateximagedepth=\count329
\c@LWR@LIpage=\count330
)
Including 'warpall' comment.
\openout3 = comment_all.cut
 Straight input of comment_all.cut.
(./comment_all.cut) Including 'warpHTML' comment.
\openout3 = comment_html.cut

Straight input of comment_html.cut. (./comment_html.cut
\c@LWR@startingequation=\count331
)
Excluding 'warpprint' comment. Including 'warpHTML' comment.
\openout3 = comment_html.cut

Straight input of comment_html.cut. (./comment_html.cut)
Including 'warpHTML' comment.
\openout3 = comment_html.cut
 Straight input of comment_html.cut.
(./comment_html.cut) Including 'warpHTML' comment.
\openout3 = comment_html.cut

Straight input of comment_html.cut. (./comment_html.cut)
Excluding 'warpprint' comment. Excluding 'warpprint' comment.
Including 'warpall' comment.
\openout3 = comment_all.cut
 Straight input of comment_all.cut.
(./comment_all.cut) Excluding 'warpprint' comment.
Including 'warpHTML' comment.
\openout3 = comment_html.cut
 Straight input of comment_html.cut.
(./comment_html.cut) Including 'warpHTML' comment.
\openout3 = comment_html.cut

Straight input of comment_html.cut. (./comment_html.cut)
Including 'warpHTML' comment.
\openout3 = comment_html.cut
 Straight input of comment_html.cut.
(./comment_html.cut) Including 'warpHTML' comment.
\openout3 = comment_html.cut

Straight input of comment_html.cut. (./comment_html.cut
\LWR@minipagewidth=\skip66
\LWR@minipageheight=\skip67
\c@LWR@virtualpagedepth=\count332
)
Excluding 'warpprint' comment. Including 'warpHTML' comment.
\openout3 = comment_html.cut

Straight input of comment_html.cut. (./comment_html.cut
\c@LWR@minipage@depth=\count333
\c@LWR@mpfootnote@store=\count334
\LWR@atleastonept=\skip68
)
Including 'warpall' comment.
\openout3 = comment_all.cut
 Straight input of comment_all.cut.
(./comment_all.cut) Including 'warpHTML' comment.
\openout3 = comment_html.cut

Straight input of comment_html.cut. (./comment_html.cut)
Including 'warpall' comment.
\openout3 = comment_all.cut
 Straight input of comment_all.cut.
(./comment_all.cut
\LWR@fminipagebox=\box55
) Including 'warpHTML' comment.
\openout3 = comment_html.cut

Straight input of comment_html.cut. (./comment_html.cut)
Including 'warpall' comment.
\openout3 = comment_all.cut
 Straight input of comment_all.cut.
(./comment_all.cut) Including 'warpHTML' comment.
\openout3 = comment_html.cut

Straight input of comment_html.cut. (./comment_html.cut
\c@LWR@textcurrentfontdepth=\count335
)
Excluding 'warpprint' comment. Including 'warpHTML' comment.
\openout3 = comment_html.cut

Straight input of comment_html.cut. (./comment_html.cut
\LWR@tempwidth=\skip69
\LWR@tempheight=\skip70
\LWR@tempraise=\skip71
)
Including 'warpHTML' comment.
\openout3 = comment_html.cut
 Straight input of comment_html.cut.
(./comment_html.cut) Including 'warpall' comment.
\openout3 = comment_all.cut

Straight input of comment_all.cut. (./comment_all.cut)
Including 'warpHTML' comment.
\openout3 = comment_html.cut
 Straight input of comment_html.cut.
(./comment_html.cut) Including 'warpHTML' comment.
\openout3 = comment_html.cut

Straight input of comment_html.cut. (./comment_html.cut)
Including 'warpHTML' comment.
\openout3 = comment_html.cut
 Straight input of comment_html.cut.
(./comment_html.cut (/usr/share/texmf-dist/tex/latex/lwarp/lwarp-array.sty
Package lwarp Info: Using package `array',
(lwarp)             and adding lwarp modifications, including options,
(lwarp)              on input line 23.
Package: lwarp-array 2018/12/30

(/usr/share/texmf-dist/tex/latex/tools/array.sty
Package: array 2023/10/16 v2.5g Tabular extension package (FMi)
\col@sep=\dimen153
\ar@mcellbox=\box56
\extrarowheight=\dimen154
\NC@list=\toks23
\extratabsurround=\skip72
\backup@length=\skip73
\ar@cellbox=\box57
)))
Including 'warpHTML' comment.
\openout3 = comment_html.cut
 Straight input of comment_html.cut.
(./comment_html.cut) Including 'warpHTML' comment.
\openout3 = comment_html.cut

Straight input of comment_html.cut. (./comment_html.cut)
(/usr/share/texmf-dist/tex/latex/lwarp/lwarp-textcomp.sty
Package lwarp Info: Using package `textcomp',
(lwarp)             and adding lwarp modifications, including options,
(lwarp)              on input line 21.
Package: lwarp-textcomp 2017/04/05

(/usr/share/texmf-dist/tex/latex/base/textcomp.sty
Package: textcomp 2020/02/02 v2.0n Standard LaTeX package
))
Including 'warpHTML' comment.
\openout3 = comment_html.cut
 Straight input of comment_html.cut.
(./comment_html.cut) Including 'warpHTML' comment.
\openout3 = comment_html.cut

Straight input of comment_html.cut. (./comment_html.cut)
Excluding 'warpprint' comment. Including 'warpHTML' comment.
\openout3 = comment_html.cut

Straight input of comment_html.cut. (./comment_html.cut)
Including 'warpHTML' comment.
\openout3 = comment_html.cut
 Straight input of comment_html.cut.
(./comment_html.cut) Including 'warpHTML' comment.
\openout3 = comment_html.cut

Straight input of comment_html.cut. (./comment_html.cut)
Including 'warpHTML' comment.
\openout3 = comment_html.cut
 Straight input of comment_html.cut.
(./comment_html.cut) Including 'warpHTML' comment.
\openout3 = comment_html.cut

Straight input of comment_html.cut. (./comment_html.cut))
(/usr/share/texmf-dist/tex/latex/lwarp/lwarp-lipsum.sty
Package lwarp Info: Using package `lipsum',
(lwarp)             and adding lwarp modifications, including options,
(lwarp)              on input line 18.
Package: lwarp-lipsum 2021-03-03

(/usr/share/texmf-dist/tex/latex/lipsum/lipsum.sty
(/usr/share/texmf-dist/tex/latex/l3packages/l3keys2e/l3keys2e.sty
Package: l3keys2e 2024-02-18 LaTeX2e option processing using LaTeX3 keys
)
Package: lipsum 2021-09-20 v2.7 150 paragraphs of Lorem Ipsum dummy text
\g__lipsum_par_int=\count336
\l__lipsum_a_int=\count337
\l__lipsum_b_int=\count338

(/usr/share/texmf-dist/tex/latex/lipsum/lipsum.ltd.tex))

Package lipsum Warning: Command '\SetLipsumParListItemEnd' deprecated.
(lipsum)                See the lipsum documentation for help.

) (/usr/share/texmf-dist/tex/generic/babel/babel.sty
Package: babel 2024/02/07 v24.2 The Babel package

(/usr/share/texmf-dist/tex/generic/babel/luababel.def
\bbl@readstream=\read4
\l@dumylang=\language2
Package babel Info: Non-standard hyphenation setup on input line 118.
\l@nohyphenation=\language3
\l@vietnamese=\language4
\l@hebrew=\language5
\babelcatcodetablenum=\catcodetable14
\bbl@pattcodes=\catcodetable15
)
\babel@savecnt=\count339
\U@D=\dimen155
\l@unhyphenated=\language6

(/usr/share/texmf-dist/tex/generic/babel/luababel.def
\bbl@attr@locale=\attribute4
)
(/usr/share/texmf-dist/tex/generic/babel-spanish/spanish.ldf
Language: spanish.ldf 2021/05/27 v5.0q Spanish support from the babel system


Package babel Warning: No hyphenation patterns were preloaded for
(babel)                the language 'Spanish' into the format.
(babel)                Please, configure your TeX system to add them and
(babel)                rebuild the format. Now I will use the patterns
(babel)                preloaded for \language=0 instead on input line 51.

Package babel Info: Hyphen rules for 'spanish' set to \l@english
(babel)             (\language0). Reported on input line 52.
\es@quottoks=\toks24
\es@quotdepth=\count340
Package babel Info: Making " an active character on input line 570.
Package babel Info: Making . an active character on input line 675.
Package babel Info: Making < an active character on input line 722.
Package babel Info: Making > an active character on input line 722.
)) (/usr/share/texmf-dist/tex/generic/babel/locale/es/babel-spanish.tex
Package babel Info: Importing font and identification data for spanish
(babel)             from babel-es.ini. Reported on input line 11.
)
(/usr/share/texmf-dist/tex/latex/csquotes/csquotes.sty
Package: csquotes 2022-09-14 v5.2n context-sensitive quotations (JAW)
\csq@reset=\count341
\csq@gtype=\count342
\csq@glevel=\count343
\csq@qlevel=\count344
\csq@maxlvl=\count345
\csq@tshold=\count346
\csq@ltx@everypar=\toks25

(/usr/share/texmf-dist/tex/latex/csquotes/csquotes.def
File: csquotes.def 2022-09-14 v5.2n csquotes generic definitions (JAW)
)
Package csquotes Info: Trying to load configuration file 'csquotes.cfg'...
Package csquotes Info: ... configuration file loaded successfully.

(/usr/share/texmf-dist/tex/latex/csquotes/csquotes.cfg
File: csquotes.cfg 
))
(/usr/share/texmf-dist/tex/latex/lwarp/lwarp-graphicx.sty
Package lwarp Info: Using package `graphicx',
(lwarp)             and adding lwarp modifications, including options,
(lwarp)              on input line 20.
Package: lwarp-graphicx 2020/09/09

(/usr/share/texmf-dist/tex/latex/graphics/graphicx.sty
Package: graphicx 2021/09/16 v1.2d Enhanced LaTeX Graphics (DPC,SPQR)

(/usr/share/texmf-dist/tex/latex/lwarp/lwarp-graphics.sty
Package lwarp Info: Using package `graphics',
(lwarp)             and adding lwarp modifications, including options,
(lwarp)              on input line 20.
Package: lwarp-graphics 2020/08/30

(/usr/share/texmf-dist/tex/latex/graphics/graphics.sty
Package: graphics 2022/03/10 v1.4e Standard LaTeX Graphics (DPC,SPQR)

(/usr/share/texmf-dist/tex/latex/graphics/trig.sty
Package: trig 2021/08/11 v1.11 sin cos tan (DPC)
)
(/usr/share/texmf-dist/tex/latex/graphics-cfg/graphics.cfg
File: graphics.cfg 2016/06/04 v1.11 sample graphics configuration
)
Package graphics Info: Driver file: luatex.def on input line 107.

(/usr/share/texmf-dist/tex/latex/graphics-def/luatex.def
File: luatex.def 2022/09/22 v1.2d Graphics/color driver for luatex
))
\LWR@igwidth=\skip74
\LWR@igheight=\skip75
\LWR@imagesizebox=\box58
)
\Gin@req@height=\dimen156
\Gin@req@width=\dimen157
))
(/usr/share/texmf-dist/tex/latex/lwarp/lwarp-biblatex.sty
Package lwarp Info: Using package `biblatex',
(lwarp)             and adding lwarp modifications, including options,
(lwarp)              on input line 23.
Package: lwarp-biblatex 2018/03/04

(/usr/share/texmf-dist/tex/latex/biblatex/biblatex.sty
Package: biblatex 2023/03/05 v3.19 programmable bibliographies (PK/MW)

(/usr/share/texmf-dist/tex/latex/logreq/logreq.sty
Package: logreq 2010/08/04 v1.0 xml request logger
\lrq@indent=\count347

(/usr/share/texmf-dist/tex/latex/logreq/logreq.def
File: logreq.def 2010/08/04 v1.0 logreq spec v1.0
))
(/usr/share/texmf-dist/tex/latex/lwarp/lwarp-url.sty
Package lwarp Info: Using package `url',
(lwarp)             and adding lwarp modifications, including options,
(lwarp)              on input line 22.
Package: lwarp-url 2013/09/16

(/usr/share/texmf-dist/tex/latex/url/url.sty
\Urlmuskip=\muskip16
Package: url 2013/09/16  ver 3.4  Verb mode for urls, etc.
))
\c@tabx@nest=\count348
\c@listtotal=\count349
\c@listcount=\count350
\c@liststart=\count351
\c@liststop=\count352
\c@citecount=\count353
\c@citetotal=\count354
\c@multicitecount=\count355
\c@multicitetotal=\count356
\c@instcount=\count357
\c@maxnames=\count358
\c@minnames=\count359
\c@maxitems=\count360
\c@minitems=\count361
\c@citecounter=\count362
\c@maxcitecounter=\count363
\c@savedcitecounter=\count364
\c@uniquelist=\count365
\c@uniquename=\count366
\c@refsection=\count367
\c@refsegment=\count368
\c@maxextratitle=\count369
\c@maxextratitleyear=\count370
\c@maxextraname=\count371
\c@maxextradate=\count372
\c@maxextraalpha=\count373
\c@abbrvpenalty=\count374
\c@highnamepenalty=\count375
\c@lownamepenalty=\count376
\c@maxparens=\count377
\c@parenlevel=\count378
\blx@tempcnta=\count379
\blx@tempcntb=\count380
\blx@tempcntc=\count381
\c@blx@maxsection=\count382
\blx@maxsegment@0=\count383
\blx@notetype=\count384
\blx@parenlevel@text=\count385
\blx@parenlevel@foot=\count386
\blx@sectionciteorder@0=\count387
\blx@sectionciteorderinternal@0=\count388
\blx@entrysetcounter=\count389
\blx@biblioinstance=\count390
\labelnumberwidth=\skip76
\labelalphawidth=\skip77
\biblabelsep=\skip78
\bibitemsep=\skip79
\bibnamesep=\skip80
\bibinitsep=\skip81
\bibparsep=\skip82
\bibhang=\skip83
\blx@bcfin=\read5
\blx@bcfout=\write7
\blx@langwohyphens=\language7
\c@mincomprange=\count391
\c@maxcomprange=\count392
\c@mincompwidth=\count393
Package biblatex Info: Trying to load biblatex default data model...
Package biblatex Info: ... file 'blx-dm.def' found.

(/usr/share/texmf-dist/tex/latex/biblatex/blx-dm.def
File: blx-dm.def 2023/03/05 v3.19 biblatex localization (PK/MW)
)
Package biblatex Info: Trying to load biblatex style data model...
Package biblatex Info: ... file 'authoryear.dbx' not found.
Package biblatex Info: Trying to load biblatex custom data model...
Package biblatex Info: ... file 'biblatex-dm.cfg' not found.
\c@afterword=\count394
\c@savedafterword=\count395
\c@annotator=\count396
\c@savedannotator=\count397
\c@author=\count398
\c@savedauthor=\count399
\c@bookauthor=\count400
\c@savedbookauthor=\count401
\c@commentator=\count402
\c@savedcommentator=\count403
\c@editor=\count404
\c@savededitor=\count405
\c@editora=\count406
\c@savededitora=\count407
\c@editorb=\count408
\c@savededitorb=\count409
\c@editorc=\count410
\c@savededitorc=\count411
\c@foreword=\count412
\c@savedforeword=\count413
\c@holder=\count414
\c@savedholder=\count415
\c@introduction=\count416
\c@savedintroduction=\count417
\c@namea=\count418
\c@savednamea=\count419
\c@nameb=\count420
\c@savednameb=\count421
\c@namec=\count422
\c@savednamec=\count423
\c@translator=\count424
\c@savedtranslator=\count425
\c@shortauthor=\count426
\c@savedshortauthor=\count427
\c@shorteditor=\count428
\c@savedshorteditor=\count429
\c@labelname=\count430
\c@savedlabelname=\count431
\c@institution=\count432
\c@savedinstitution=\count433
\c@lista=\count434
\c@savedlista=\count435
\c@listb=\count436
\c@savedlistb=\count437
\c@listc=\count438
\c@savedlistc=\count439
\c@listd=\count440
\c@savedlistd=\count441
\c@liste=\count442
\c@savedliste=\count443
\c@listf=\count444
\c@savedlistf=\count445
\c@location=\count446
\c@savedlocation=\count447
\c@organization=\count448
\c@savedorganization=\count449
\c@origlocation=\count450
\c@savedoriglocation=\count451
\c@origpublisher=\count452
\c@savedorigpublisher=\count453
\c@publisher=\count454
\c@savedpublisher=\count455
\c@language=\count456
\c@savedlanguage=\count457
\c@origlanguage=\count458
\c@savedoriglanguage=\count459
\c@pageref=\count460
\c@savedpageref=\count461
\shorthandwidth=\skip84
\shortjournalwidth=\skip85
\shortserieswidth=\skip86
\shorttitlewidth=\skip87
\shortauthorwidth=\skip88
\shorteditorwidth=\skip89
\locallabelnumberwidth=\skip90
\locallabelalphawidth=\skip91
\localshorthandwidth=\skip92
\localshortjournalwidth=\skip93
\localshortserieswidth=\skip94
\localshorttitlewidth=\skip95
\localshortauthorwidth=\skip96
\localshorteditorwidth=\skip97
Package biblatex Info: Trying to load enhanced support for Unicode engines...
Package biblatex Info: ... file 'blx-unicode.def' found.

(/usr/share/texmf-dist/tex/latex/biblatex/blx-unicode.def)
Package biblatex Info: Trying to load compatibility code...
Package biblatex Info: ... file 'blx-compat.def' found.

(/usr/share/texmf-dist/tex/latex/biblatex/blx-compat.def
File: blx-compat.def 2023/03/05 v3.19 biblatex compatibility (PK/MW)
)
Package biblatex Info: Trying to load generic definitions...
Package biblatex Info: ... file 'biblatex.def' found.

(/usr/share/texmf-dist/tex/latex/biblatex/biblatex.def
File: biblatex.def 2023/03/05 v3.19 biblatex compatibility (PK/MW)
\c@textcitecount=\count462
\c@textcitetotal=\count463
\c@textcitemaxnames=\count464
\c@biburlbigbreakpenalty=\count465
\c@biburlbreakpenalty=\count466
\c@biburlnumpenalty=\count467
\c@biburlucpenalty=\count468
\c@biburllcpenalty=\count469
\biburlbigskip=\muskip17
\biburlnumskip=\muskip18
\biburlucskip=\muskip19
\biburllcskip=\muskip20
\c@smartand=\count470
)
Package biblatex Info: Trying to load bibliography style 'authoryear'...
Package biblatex Info: ... file 'authoryear.bbx' found.

(/usr/share/texmf-dist/tex/latex/biblatex/bbx/authoryear.bbx
File: authoryear.bbx 2023/03/05 v3.19 biblatex bibliography style (PK/MW)
Package biblatex Info: Trying to load bibliography style 'standard'...
Package biblatex Info: ... file 'standard.bbx' found.

(/usr/share/texmf-dist/tex/latex/biblatex/bbx/standard.bbx
File: standard.bbx 2023/03/05 v3.19 biblatex bibliography style (PK/MW)
\c@bbx:relatedcount=\count471
\c@bbx:relatedtotal=\count472
))
Package biblatex Info: Trying to load citation style 'authoryear'...
Package biblatex Info: ... file 'authoryear.cbx' found.

(/usr/share/texmf-dist/tex/latex/biblatex/cbx/authoryear.cbx
File: authoryear.cbx 2023/03/05 v3.19 biblatex citation style (PK/MW)
Package biblatex Info: Redefining '\cite'.
Package biblatex Info: Redefining '\parencite'.
Package biblatex Info: Redefining '\footcite'.
Package biblatex Info: Redefining '\footcitetext'.
Package biblatex Info: Redefining '\smartcite'.
Package biblatex Info: Redefining '\textcite'.
Package biblatex Info: Redefining '\textcites'.
)
Package biblatex Info: Trying to load configuration file...
Package biblatex Info: ... file 'biblatex.cfg' found.

(/usr/share/texmf-dist/tex/latex/biblatex/biblatex.cfg
File: biblatex.cfg 
)
Package biblatex Info: LuaTeX detected.
(biblatex)             Assuming input encoding 'utf8'.
Package biblatex Info: Document encoding is UTF8 ....
Package biblatex Info: ... and expl3
(biblatex)             2024-02-20 L3 programming layer (loader) 
(biblatex)             is new enough (at least 2020/04/06),
(biblatex)             setting 'casechanger=expl3'.

(/usr/share/texmf-dist/tex/latex/biblatex/blx-case-expl3.sty
Package: blx-case-expl3 2023/03/05 v3.19 expl3 case changing code for biblatex
)))
(/usr/share/texmf-dist/tex/latex/lwarp/lwarp-glossaries.sty
Package lwarp Info: Using package `glossaries',
(lwarp)             and adding lwarp modifications, including options,
(lwarp)              on input line 21.
Package: lwarp-glossaries 2018/07/23

(/usr/share/texmf-dist/tex/latex/glossaries/base/glossaries.sty
Package: glossaries 2023/09/29 v4.53 (NLCT)

(/usr/share/texmf-dist/tex/latex/xkeyval/xkeyval.sty
Package: xkeyval 2022/06/16 v2.9 package option processing (HA)

(/usr/share/texmf-dist/tex/generic/xkeyval/xkeyval.tex
(/usr/share/texmf-dist/tex/generic/xkeyval/xkvutils.tex
\XKV@toks=\toks26
\XKV@tempa@toks=\toks27
)
\XKV@depth=\count473
File: xkeyval.tex 2014/12/03 v2.7a key=value parser (HA)
))
(/usr/share/texmf-dist/tex/latex/mfirstuc/mfirstuc.sty
Package: mfirstuc 2022/10/14 v2.08 (NLCT)
\@glsmfirst=\toks28
\@glsmrest=\toks29
)
(/usr/share/texmf-dist/tex/latex/xfor/xfor.sty
Package: xfor 2009/02/05 v1.05 (NLCT)
)
(/usr/share/texmf-dist/tex/latex/datatool/datatool-base.sty
Package: datatool-base 2019/09/27 v2.32 (NLCT)

(/usr/share/texmf-dist/tex/latex/lwarp/lwarp-amsmath.sty
Package lwarp Info: Using package `amsmath',
(lwarp)             and adding lwarp modifications, including options,
(lwarp)              on input line 18.
Package: lwarp-amsmath 2017/09/02

(/usr/share/texmf-dist/tex/latex/amsmath/amsmath.sty
Package: amsmath 2023/05/13 v2.17o AMS math features
\@mathmargin=\skip98

For additional information on amsmath, use the `?' option.
(/usr/share/texmf-dist/tex/latex/amsmath/amstext.sty
Package: amstext 2021/08/26 v2.01 AMS text

(/usr/share/texmf-dist/tex/latex/amsmath/amsgen.sty
File: amsgen.sty 1999/11/30 v2.0 generic functions
\@emptytoks=\toks30
\ex@=\dimen158
))
(/usr/share/texmf-dist/tex/latex/amsmath/amsbsy.sty
Package: amsbsy 1999/11/29 v1.2d Bold Symbols
\pmbraise@=\dimen159
)
(/usr/share/texmf-dist/tex/latex/amsmath/amsopn.sty
Package: amsopn 2022/04/08 v2.04 operator names
)
\inf@bad=\count474
LaTeX Info: Redefining \frac on input line 236.
\uproot@=\count475
\leftroot@=\count476
LaTeX Info: Redefining \overline on input line 399.
LaTeX Info: Redefining \colon on input line 410.
\classnum@=\count477
\DOTSCASE@=\count478
LaTeX Info: Redefining \ldots on input line 496.
LaTeX Info: Redefining \dots on input line 499.
LaTeX Info: Redefining \cdots on input line 620.
\Mathstrutbox@=\box59
\strutbox@=\box60
LaTeX Info: Redefining \big on input line 722.
LaTeX Info: Redefining \Big on input line 723.
LaTeX Info: Redefining \bigg on input line 724.
LaTeX Info: Redefining \Bigg on input line 725.
\big@size=\dimen160
LaTeX Font Info:    Redeclaring font encoding OML on input line 743.
LaTeX Font Info:    Redeclaring font encoding OMS on input line 744.
\macc@depth=\count479
LaTeX Info: Redefining \bmod on input line 905.
LaTeX Info: Redefining \pmod on input line 910.
LaTeX Info: Redefining \smash on input line 940.
LaTeX Info: Redefining \relbar on input line 970.
LaTeX Info: Redefining \Relbar on input line 971.
\c@MaxMatrixCols=\count480
\dotsspace@=\muskip21
\c@parentequation=\count481
\dspbrk@lvl=\count482
\tag@help=\toks31
\row@=\count483
\column@=\count484
\maxfields@=\count485
\andhelp@=\toks32
\eqnshift@=\dimen161
\alignsep@=\dimen162
\tagshift@=\dimen163
\tagwidth@=\dimen164
\totwidth@=\dimen165
\lineht@=\dimen166
\@envbody=\toks33
\multlinegap=\skip99
\multlinetaggap=\skip100
\mathdisplay@stack=\toks34
LaTeX Info: Redefining \[ on input line 2953.
LaTeX Info: Redefining \] on input line 2954.
)
\c@LWR@amsmathdepth=\count486
\c@LWR@maxfields@=\count487

Including 'warpMathJax' comment.
\openout3 = comment_mathjax.cut
 Straight input of comment_mathjax.cut.
(./comment_mathjax.cut)) (/usr/share/texmf-dist/tex/latex/substr/substr.sty
Package: substr 2009/10/20 v1.2 Handle substrings
\c@su@anzahl=\count488
)
(/usr/share/texmf-dist/tex/latex/datatool/datatool-fp.sty
Package: datatool-fp 2019/09/27 v2.32 (NLCT)

(/usr/share/texmf-dist/tex/latex/fp/fp.sty
Package: fp 1995/04/02

`Fixed Point Package', Version 0.8, April 2, 1995 (C) Michael Mehlich
(/usr/share/texmf-dist/tex/latex/fp/defpattern.sty
Package: defpattern 1994/10/12
\actioncount=\count489
)
(/usr/share/texmf-dist/tex/latex/fp/fp-basic.sty
Package: fp-basic 1996/05/13
\FP@xs=\count490
\FP@xia=\count491
\FP@xib=\count492
\FP@xfa=\count493
\FP@xfb=\count494
\FP@rega=\count495
\FP@regb=\count496
\FP@regs=\count497
\FP@times=\count498
)
(/usr/share/texmf-dist/tex/latex/fp/fp-addons.sty
Package: fp-addons 1995/03/15
)
(/usr/share/texmf-dist/tex/latex/fp/fp-snap.sty
Package: fp-snap 1995/04/05
)
(/usr/share/texmf-dist/tex/latex/fp/fp-exp.sty
Package: fp-exp 1995/04/03
)
(/usr/share/texmf-dist/tex/latex/fp/fp-trigo.sty
Package: fp-trigo 1995/04/14
)
(/usr/share/texmf-dist/tex/latex/fp/fp-pas.sty
Package: fp-pas 1994/08/29
)
(/usr/share/texmf-dist/tex/latex/fp/fp-random.sty
Package: fp-random 1995/02/23
\FPseed=\count499
)
(/usr/share/texmf-dist/tex/latex/fp/fp-eqn.sty
Package: fp-eqn 1995/04/03
)
(/usr/share/texmf-dist/tex/latex/fp/fp-upn.sty
Package: fp-upn 1996/10/21
)
(/usr/share/texmf-dist/tex/latex/fp/fp-eval.sty
Package: fp-eval 1995/04/03
)))
\@dtl@toks=\toks35
\@dtl@tmpcount=\count500
\dtl@tmplength=\skip101
\dtl@sortresult=\count501
\@dtl@numgrpsepcount=\count502
\@dtl@datatype=\count503
\dtl@codeA=\count504
\dtl@codeB=\count505
\@dtl@foreach@level=\count506
)
(/usr/share/texmf-dist/tex/latex/tracklang/tracklang.sty
Package: tracklang 2022/12/13 v1.6.1 (NLCT) Track Languages

(/usr/share/texmf-dist/tex/generic/tracklang/tracklang.tex))
(/usr/share/texmf-dist/tex/latex/translator/translator.sty
Package: translator 2021-05-31 v1.12d Easy translation of strings in LaTeX
)
(/usr/share/texmf-dist/tex/latex/glossaries-spanish/glossaries-spanish.ldf
File: glossaries-spanish.ldf 2014/11/23 v1.0

(/usr/share/texmf-dist/tex/latex/glossaries-spanish/glossaries-spanish-noenc.ld
f))
\gls@level=\count507
\@gls@tmpb=\toks36
\gls@tmplen=\skip102
\glskeylisttok=\toks37
\glslabeltok=\toks38
\glsshorttok=\toks39
\glslongtok=\toks40
 (/usr/share/texmf-dist/tex/latex/glossaries/styles/glossary-hypernav.sty
Package: glossary-hypernav 2023/09/29 v4.53 (NLCT)
)
(/usr/share/texmf-dist/tex/latex/glossaries/styles/glossary-list.sty
Package: glossary-list 2023/09/29 v4.53 (NLCT)
\glslistdottedwidth=\skip103
)
(/usr/share/texmf-dist/tex/latex/glossaries/styles/glossary-long.sty
Package: glossary-long 2023/09/29 v4.53 (NLCT)

(/usr/share/texmf-dist/tex/latex/lwarp/lwarp-longtable.sty
Package lwarp Info: Replacing package `longtable' with the lwarp version,
(lwarp)             and discarding options, on input line 21.
Package: lwarp-longtable 2014/10/28
\c@LTchunksize=\count508
\LTleft=\skip104
\LTright=\skip105
\LTpre=\skip106
\LTpost=\skip107
\LTcapwidth=\skip108
)
\glsdescwidth=\skip109
\glspagelistwidth=\skip110
)
(/usr/share/texmf-dist/tex/latex/glossaries/styles/glossary-super.sty
Package: glossary-super 2023/09/29 v4.53 (NLCT)

(/usr/share/texmf-dist/tex/latex/lwarp/lwarp-supertabular.sty
Package lwarp Info: Replacing package `supertabular' with the lwarp version,
(lwarp)             and discarding options, on input line 21.
Package: lwarp-supertabular 2004/02/20
))
(/usr/share/texmf-dist/tex/latex/glossaries/styles/glossary-tree.sty
Package: glossary-tree 2023/09/29 v4.53 (NLCT)
\glstreeindent=\skip111
)))
(/usr/share/texmf-dist/tex/latex/lwarp/lwarp-hyperref.sty
Package lwarp Info: Using the lwarp HTML version of package `hyperref',
(lwarp)             and discarding options except backref, pagebackref.
(lwarp)             (Not using \ProvidesPackage, so that other packages
(lwarp)             do not attempt to patch lwarp's version of `hyperref'.)
(lwarp)              on input line 25.
)
\LWR@userspaperwidth=\skip112
\LWR@userspaperheight=\skip113
\LWR@usersmarginparwidth=\skip114
\LWR@userstextwidth=\skip115
\LWR@userstextheight=\skip116

(/usr/share/texmf-dist/tex/latex/lwarp/lwarp-cleveref.sty
Package lwarp Info: Using package `cleveref',
(lwarp)             and adding lwarp modifications, including options,
(lwarp)              on input line 18.
Package: lwarp-cleveref 2018/03/27

(/usr/share/texmf-dist/tex/latex/cleveref/cleveref.sty
Package: cleveref 2018/03/27 v0.21.4 Intelligent cross-referencing
))
Package csquotes Info: Checking for multilingual support...
Package csquotes Info: ... found 'babel' package.
Package csquotes Info: Adjusting default style.
Package csquotes Info: Redefining alias 'default' -> 'spanish'.


Package biblatex Warning: Patching footnotes failed.
(biblatex)                Footnote detection will not work.

(./SAMPLE_html.aux
LaTeX Info: Redefining \. on input line 13.
LaTeX Info: Redefining \% on input line 13.
)
\openout1 = SAMPLE_html.aux

LaTeX Font Info:    Checking defaults for OML/cmm/m/it on input line 74.
LaTeX Font Info:    ... okay on input line 74.
LaTeX Font Info:    Checking defaults for OMS/cmsy/m/n on input line 74.
LaTeX Font Info:    ... okay on input line 74.
LaTeX Font Info:    Checking defaults for OT1/cmr/m/n on input line 74.
LaTeX Font Info:    ... okay on input line 74.
LaTeX Font Info:    Checking defaults for T1/cmr/m/n on input line 74.
LaTeX Font Info:    ... okay on input line 74.
LaTeX Font Info:    Checking defaults for TS1/cmr/m/n on input line 74.
LaTeX Font Info:    Trying to load font information for TS1+cmr on input line 7
4.
 (/usr/share/texmf-dist/tex/latex/base/ts1cmr.fd
File: ts1cmr.fd 2023/04/13 v2.5m Standard LaTeX font definitions
)
LaTeX Font Info:    ... okay on input line 74.
LaTeX Font Info:    Checking defaults for TU/lmr/m/n on input line 74.
LaTeX Font Info:    ... okay on input line 74.
LaTeX Font Info:    Checking defaults for OMX/cmex/m/n on input line 74.
LaTeX Font Info:    ... okay on input line 74.
LaTeX Font Info:    Checking defaults for U/cmr/m/n on input line 74.
LaTeX Font Info:    ... okay on input line 74.

(/usr/share/texmf-dist/tex/latex/lwarp/lwarp-geometry.sty
Package lwarp Info: Replacing package `geometry' with the lwarp version,
(lwarp)             and discarding options, on input line 20.
Package: lwarp-geometry 2018/04/16
)

Package lwarp Info: Babel has been loaded. Lwarp also uses cleveref.
(lwarp)             See the cleveref documentation regarding
(lwarp)             babel support. Some languages are not supported.

*geometry* driver: auto-detecting
*geometry* detected driver: luatex
*geometry* verbose mode - [ preamble ] result:
* driver: luatex
* paper: custom
* layout: <same size as paper>
* layoutoffset:(h,v)=(0.0pt,0.0pt)
* modes: heightrounded 
* h-part:(L,W,R)=(144.54pt, 867.24pt, 433.62pt)
* v-part:(T,H,B)=(72.26999pt, 13586.76001pt, 72.26999pt)
* \paperwidth=1445.4pt
* \paperheight=13731.29999pt
* \textwidth=1011.77557pt
* \textheight=10985.0819pt
* \oddsidemargin=72.27pt
* \evensidemargin=361.35pt
* \topmargin=-30.06749pt
* \headheight=12.0pt
* \headsep=18.06749pt
* \topskip=10.0pt
* \footskip=25.29494pt
* \marginparwidth=125.0pt
* \marginparsep=7.0pt
* \columnsep=10.0pt
* \skip\footins=9.0pt plus 4.0pt minus 2.0pt
* \hoffset=0.0pt
* \voffset=0.0pt
* \mag=1000
* \@twocolumnfalse
* \@twosidefalse
* \@mparswitchfalse
* \@reversemarginfalse
* (1in=72.27pt=25.4mm, 1cm=28.453pt)

LaTeX Info: Redefining \. on input line 74.
LaTeX Info: Redefining \% on input line 74.
(/usr/share/texmf-dist/tex/context/base/mkii/supp-pdf.mkii
[Loading MPS to PDF converter (version 2006.09.02).]
\scratchcounter=\count509
\scratchdimen=\dimen167
\scratchbox=\box61
\nofMPsegments=\count510
\nofMParguments=\count511
\everyMPshowfont=\toks41
\MPscratchCnt=\count512
\MPscratchDim=\dimen168
\MPnumerator=\count513
\makeMPintoPDFobject=\count514
\everyMPtoPDFconversion=\toks42
) (/usr/share/texmf-dist/tex/latex/lwarp/lwarp-epstopdf-base.sty
Package lwarp Info: Using package `epstopdf-base',
(lwarp)             and adding lwarp modifications, including options,
(lwarp)              on input line 18.
Package: lwarp-epstopdf-base 2020-01-24

(/usr/share/texmf-dist/tex/latex/epstopdf-pkg/epstopdf-base.sty
Package: epstopdf-base 2020-01-24 v2.11 Base part for package epstopdf
Package epstopdf-base Info: Redefining graphics rule for `.eps' on input line 4
85.

(/usr/share/texmf-dist/tex/latex/latexconfig/epstopdf-sys.cfg
File: epstopdf-sys.cfg 2010/07/13 v1.3 Configuration of (r)epstopdf for TeX Liv
e
)))
Package biblatex Info: Trying to load language 'spanish'...
Package biblatex Info: ... file 'spanish.lbx' found.

(/usr/share/texmf-dist/tex/latex/biblatex/lbx/spanish.lbx
File: spanish.lbx 2023/03/05 v3.19 biblatex localization (PK/MW)
)
Package biblatex Info: LuaTeX detected.
(biblatex)             Assuming input encoding 'utf8'.
Package biblatex Info: Automatic encoding selection.
(biblatex)             Assuming data encoding 'utf8'.

\openout7 = SAMPLE_html.bcf
Package biblatex Info: Trying to load bibliographic data...
Package biblatex Info: ... file 'SAMPLE_html.bbl' found.
 (./SAMPLE_html.bbl)
Package biblatex Info: Reference section=0 on input line 74.
Package biblatex Info: Reference segment=0 on input line 74.

\openout5 = SAMPLE-images.txt
File: "lwarp_mathjax.txt"  (verbatim)

---
Package lwarp:
Processing MathJax customizations for the first HTML page.
Later HTML pages will take the same amount of time.
If this takes too long, see the Lwarp manual regarding customizing MathJax.
Done.
---
[1

{/var/lib/texmf/fonts/map/pdftex/updmap/pdftex.map}]

LaTeX Warning: No \author given.


\openout6 = SAMPLE_html.sidetoc
[2] (./SAMPLE_html.toc
LaTeX Info: Redefining \sptext on input line 1.
LaTeX Info: Redefining \. on input line 1.
LaTeX Info: Redefining \% on input line 1.

Overfull \hbox (3.69598pt too wide) detected at line 5
\TU/lmr/m/n/8 1.1. 
 []


Overfull \hbox (3.69598pt too wide) detected at line 6
\TU/lmr/m/n/8 1.2. 
 []


Overfull \hbox (3.69598pt too wide) detected at line 7
\TU/lmr/m/n/8 1.3. 
 []


Overfull \hbox (3.69598pt too wide) detected at line 9
\TU/lmr/m/n/8 2.1. 
 []


Overfull \hbox (3.69598pt too wide) detected at line 10
\TU/lmr/m/n/8 2.2. 
 []


Overfull \hbox (3.69598pt too wide) detected at line 11
\TU/lmr/m/n/8 2.3. 
 []


Overfull \hbox (10.30399pt too wide) detected at line 12
\TU/lmr/m/n/8 2.3.1. 
 []


Overfull \hbox (3.69598pt too wide) detected at line 14
\TU/lmr/m/n/8 3.1. 
 []


Overfull \hbox (10.30399pt too wide) detected at line 15
\TU/lmr/m/n/8 3.1.1. 
 []

)
\tf@toc=\write8

\openout8 = SAMPLE_html.toc
 [3]
File: "lwarp_mathjax.txt"  (verbatim)
 [4] (./SAMPLE_html.sidetoc
LaTeX Info: Redefining \sptext on input line 1.
LaTeX Info: Redefining \. on input line 1.
LaTeX Info: Redefining \% on input line 1.

Overfull \hbox (3.69598pt too wide) detected at line 5
\TU/lmr/m/n/8 1.1. 
 []


Overfull \hbox (3.69598pt too wide) detected at line 6
\TU/lmr/m/n/8 1.2. 
 []


Overfull \hbox (3.69598pt too wide) detected at line 7
\TU/lmr/m/n/8 1.3. 
 []


Overfull \hbox (3.69598pt too wide) detected at line 9
\TU/lmr/m/n/8 2.1. 
 []


Overfull \hbox (3.69598pt too wide) detected at line 10
\TU/lmr/m/n/8 2.2. 
 []


Overfull \hbox (3.69598pt too wide) detected at line 11
\TU/lmr/m/n/8 2.3. 
 []


Overfull \hbox (3.69598pt too wide) detected at line 14
\TU/lmr/m/n/8 3.1. 
 []

) [5]
File: "lwarp_mathjax.txt"  (verbatim)
 [6] (./SAMPLE_html.sidetoc
LaTeX Info: Redefining \sptext on input line 1.
LaTeX Info: Redefining \. on input line 1.
LaTeX Info: Redefining \% on input line 1.

Overfull \hbox (3.69598pt too wide) detected at line 5
\TU/lmr/m/n/8 1.1. 
 []


Overfull \hbox (3.69598pt too wide) detected at line 6
\TU/lmr/m/n/8 1.2. 
 []


Overfull \hbox (3.69598pt too wide) detected at line 7
\TU/lmr/m/n/8 1.3. 
 []


Overfull \hbox (3.69598pt too wide) detected at line 9
\TU/lmr/m/n/8 2.1. 
 []


Overfull \hbox (3.69598pt too wide) detected at line 10
\TU/lmr/m/n/8 2.2. 
 []


Overfull \hbox (3.69598pt too wide) detected at line 11
\TU/lmr/m/n/8 2.3. 
 []


Overfull \hbox (3.69598pt too wide) detected at line 14
\TU/lmr/m/n/8 3.1. 
 []

)

Package lipsum Warning: Unknown language 'latin'. Hyphenation patterns for
(lipsum)                'spanish' will be used instead.
(lipsum)                
(lipsum)                With LuaTeX, lipsum requires babel to get proper
(lipsum)                hyphenation (you can use \usepackage[base]{babel}).

[7] [8]
File: "lwarp_mathjax.txt"  (verbatim)
 [9] (./SAMPLE_html.sidetoc
LaTeX Info: Redefining \sptext on input line 1.
LaTeX Info: Redefining \. on input line 1.
LaTeX Info: Redefining \% on input line 1.

Overfull \hbox (3.69598pt too wide) detected at line 5
\TU/lmr/m/n/8 1.1. 
 []


Overfull \hbox (3.69598pt too wide) detected at line 6
\TU/lmr/m/n/8 1.2. 
 []


Overfull \hbox (3.69598pt too wide) detected at line 7
\TU/lmr/m/n/8 1.3. 
 []


Overfull \hbox (3.69598pt too wide) detected at line 9
\TU/lmr/m/n/8 2.1. 
 []


Overfull \hbox (3.69598pt too wide) detected at line 10
\TU/lmr/m/n/8 2.2. 
 []


Overfull \hbox (3.69598pt too wide) detected at line 11
\TU/lmr/m/n/8 2.3. 
 []


Overfull \hbox (3.69598pt too wide) detected at line 14
\TU/lmr/m/n/8 3.1. 
 []

) [10] [11] [12] [13]
File: "lwarp_mathjax.txt"  (verbatim)
 [14] (./SAMPLE_html.sidetoc
LaTeX Info: Redefining \sptext on input line 1.
LaTeX Info: Redefining \. on input line 1.
LaTeX Info: Redefining \% on input line 1.

Overfull \hbox (3.69598pt too wide) detected at line 5
\TU/lmr/m/n/8 1.1. 
 []


Overfull \hbox (3.69598pt too wide) detected at line 6
\TU/lmr/m/n/8 1.2. 
 []


Overfull \hbox (3.69598pt too wide) detected at line 7
\TU/lmr/m/n/8 1.3. 
 []


Overfull \hbox (3.69598pt too wide) detected at line 9
\TU/lmr/m/n/8 2.1. 
 []


Overfull \hbox (3.69598pt too wide) detected at line 10
\TU/lmr/m/n/8 2.2. 
 []


Overfull \hbox (3.69598pt too wide) detected at line 11
\TU/lmr/m/n/8 2.3. 
 []


Overfull \hbox (3.69598pt too wide) detected at line 14
\TU/lmr/m/n/8 3.1. 
 []

) [15] [16]
File: "lwarp_mathjax.txt"  (verbatim)
 [17] (./SAMPLE_html.sidetoc
LaTeX Info: Redefining \sptext on input line 1.
LaTeX Info: Redefining \. on input line 1.
LaTeX Info: Redefining \% on input line 1.

Overfull \hbox (3.69598pt too wide) detected at line 5
\TU/lmr/m/n/8 1.1. 
 []


Overfull \hbox (3.69598pt too wide) detected at line 6
\TU/lmr/m/n/8 1.2. 
 []


Overfull \hbox (3.69598pt too wide) detected at line 7
\TU/lmr/m/n/8 1.3. 
 []


Overfull \hbox (3.69598pt too wide) detected at line 9
\TU/lmr/m/n/8 2.1. 
 []


Overfull \hbox (3.69598pt too wide) detected at line 10
\TU/lmr/m/n/8 2.2. 
 []


Overfull \hbox (3.69598pt too wide) detected at line 11
\TU/lmr/m/n/8 2.3. 
 []


Overfull \hbox (3.69598pt too wide) detected at line 14
\TU/lmr/m/n/8 3.1. 
 []

) [18]
File: "lwarp_mathjax.txt"  (verbatim)
 [19] (./SAMPLE_html.sidetoc
LaTeX Info: Redefining \sptext on input line 1.
LaTeX Info: Redefining \. on input line 1.
LaTeX Info: Redefining \% on input line 1.

Overfull \hbox (3.69598pt too wide) detected at line 5
\TU/lmr/m/n/8 1.1. 
 []


Overfull \hbox (3.69598pt too wide) detected at line 6
\TU/lmr/m/n/8 1.2. 
 []


Overfull \hbox (3.69598pt too wide) detected at line 7
\TU/lmr/m/n/8 1.3. 
 []


Overfull \hbox (3.69598pt too wide) detected at line 9
\TU/lmr/m/n/8 2.1. 
 []


Overfull \hbox (3.69598pt too wide) detected at line 10
\TU/lmr/m/n/8 2.2. 
 []


Overfull \hbox (3.69598pt too wide) detected at line 11
\TU/lmr/m/n/8 2.3. 
 []


Overfull \hbox (3.69598pt too wide) detected at line 14
\TU/lmr/m/n/8 3.1. 
 []

) [20] [21] [22]
File: "lwarp_mathjax.txt"  (verbatim)
 [23] (./SAMPLE_html.sidetoc
LaTeX Info: Redefining \sptext on input line 1.
LaTeX Info: Redefining \. on input line 1.
LaTeX Info: Redefining \% on input line 1.

Overfull \hbox (3.69598pt too wide) detected at line 5
\TU/lmr/m/n/8 1.1. 
 []


Overfull \hbox (3.69598pt too wide) detected at line 6
\TU/lmr/m/n/8 1.2. 
 []


Overfull \hbox (3.69598pt too wide) detected at line 7
\TU/lmr/m/n/8 1.3. 
 []


Overfull \hbox (3.69598pt too wide) detected at line 9
\TU/lmr/m/n/8 2.1. 
 []


Overfull \hbox (3.69598pt too wide) detected at line 10
\TU/lmr/m/n/8 2.2. 
 []


Overfull \hbox (3.69598pt too wide) detected at line 11
\TU/lmr/m/n/8 2.3. 
 []


Overfull \hbox (3.69598pt too wide) detected at line 14
\TU/lmr/m/n/8 3.1. 
 []

) [24]
File: "lwarp_mathjax.txt"  (verbatim)
 [25] (./SAMPLE_html.sidetoc
LaTeX Info: Redefining \sptext on input line 1.
LaTeX Info: Redefining \. on input line 1.
LaTeX Info: Redefining \% on input line 1.

Overfull \hbox (3.69598pt too wide) detected at line 5
\TU/lmr/m/n/8 1.1. 
 []


Overfull \hbox (3.69598pt too wide) detected at line 6
\TU/lmr/m/n/8 1.2. 
 []


Overfull \hbox (3.69598pt too wide) detected at line 7
\TU/lmr/m/n/8 1.3. 
 []


Overfull \hbox (3.69598pt too wide) detected at line 9
\TU/lmr/m/n/8 2.1. 
 []


Overfull \hbox (3.69598pt too wide) detected at line 10
\TU/lmr/m/n/8 2.2. 
 []


Overfull \hbox (3.69598pt too wide) detected at line 11
\TU/lmr/m/n/8 2.3. 
 []


Overfull \hbox (3.69598pt too wide) detected at line 14
\TU/lmr/m/n/8 3.1. 
 []

) [26] [27]
File: "lwarp_mathjax.txt"  (verbatim)
 [28] (./SAMPLE_html.sidetoc
LaTeX Info: Redefining \sptext on input line 1.
LaTeX Info: Redefining \. on input line 1.
LaTeX Info: Redefining \% on input line 1.

Overfull \hbox (3.69598pt too wide) detected at line 5
\TU/lmr/m/n/8 1.1. 
 []


Overfull \hbox (3.69598pt too wide) detected at line 6
\TU/lmr/m/n/8 1.2. 
 []


Overfull \hbox (3.69598pt too wide) detected at line 7
\TU/lmr/m/n/8 1.3. 
 []


Overfull \hbox (3.69598pt too wide) detected at line 9
\TU/lmr/m/n/8 2.1. 
 []


Overfull \hbox (3.69598pt too wide) detected at line 10
\TU/lmr/m/n/8 2.2. 
 []


Overfull \hbox (3.69598pt too wide) detected at line 11
\TU/lmr/m/n/8 2.3. 
 []


Overfull \hbox (3.69598pt too wide) detected at line 14
\TU/lmr/m/n/8 3.1. 
 []

) [29] [30]
Using TeX to sort glossary entries---this may take a while
[31] [32]
File: "lwarp_mathjax.txt"  (verbatim)
 [33] (./SAMPLE_html.sidetoc
LaTeX Info: Redefining \sptext on input line 1.
LaTeX Info: Redefining \. on input line 1.
LaTeX Info: Redefining \% on input line 1.

Overfull \hbox (3.69598pt too wide) detected at line 5
\TU/lmr/m/n/8 1.1. 
 []


Overfull \hbox (3.69598pt too wide) detected at line 6
\TU/lmr/m/n/8 1.2. 
 []


Overfull \hbox (3.69598pt too wide) detected at line 7
\TU/lmr/m/n/8 1.3. 
 []


Overfull \hbox (3.69598pt too wide) detected at line 9
\TU/lmr/m/n/8 2.1. 
 []


Overfull \hbox (3.69598pt too wide) detected at line 10
\TU/lmr/m/n/8 2.2. 
 []


Overfull \hbox (3.69598pt too wide) detected at line 11
\TU/lmr/m/n/8 2.3. 
 []


Overfull \hbox (3.69598pt too wide) detected at line 14
\TU/lmr/m/n/8 3.1. 
 []

) [34]
File: "lwarp_mathjax.txt"  (verbatim)
 [35] (./SAMPLE_html.sidetoc
LaTeX Info: Redefining \sptext on input line 192.
LaTeX Info: Redefining \. on input line 192.
LaTeX Info: Redefining \% on input line 192.

Overfull \hbox (3.69598pt too wide) detected at line 5
\TU/lmr/m/n/8 1.1. 
 []


Overfull \hbox (3.69598pt too wide) detected at line 6
\TU/lmr/m/n/8 1.2. 
 []


Overfull \hbox (3.69598pt too wide) detected at line 7
\TU/lmr/m/n/8 1.3. 
 []


Overfull \hbox (3.69598pt too wide) detected at line 9
\TU/lmr/m/n/8 2.1. 
 []


Overfull \hbox (3.69598pt too wide) detected at line 10
\TU/lmr/m/n/8 2.2. 
 []


Overfull \hbox (3.69598pt too wide) detected at line 11
\TU/lmr/m/n/8 2.3. 
 []


Overfull \hbox (3.69598pt too wide) detected at line 14
\TU/lmr/m/n/8 3.1. 
 []

) [36]
File: "lwarp_mathjax.txt"  (verbatim)
 [37] (./SAMPLE_html.sidetoc
LaTeX Info: Redefining \sptext on input line 1.
LaTeX Info: Redefining \. on input line 1.
LaTeX Info: Redefining \% on input line 1.

Overfull \hbox (3.69598pt too wide) detected at line 5
\TU/lmr/m/n/8 1.1. 
 []


Overfull \hbox (3.69598pt too wide) detected at line 6
\TU/lmr/m/n/8 1.2. 
 []


Overfull \hbox (3.69598pt too wide) detected at line 7
\TU/lmr/m/n/8 1.3. 
 []


Overfull \hbox (3.69598pt too wide) detected at line 9
\TU/lmr/m/n/8 2.1. 
 []


Overfull \hbox (3.69598pt too wide) detected at line 10
\TU/lmr/m/n/8 2.2. 
 []


Overfull \hbox (3.69598pt too wide) detected at line 11
\TU/lmr/m/n/8 2.3. 
 []


Overfull \hbox (3.69598pt too wide) detected at line 14
\TU/lmr/m/n/8 3.1. 
 []

) [38]
File: "lwarp_mathjax.txt"  (verbatim)
 [39] (./SAMPLE_html.sidetoc
LaTeX Info: Redefining \sptext on input line 1.
LaTeX Info: Redefining \. on input line 1.
LaTeX Info: Redefining \% on input line 1.

Overfull \hbox (3.69598pt too wide) detected at line 5
\TU/lmr/m/n/8 1.1. 
 []


Overfull \hbox (3.69598pt too wide) detected at line 6
\TU/lmr/m/n/8 1.2. 
 []


Overfull \hbox (3.69598pt too wide) detected at line 7
\TU/lmr/m/n/8 1.3. 
 []


Overfull \hbox (3.69598pt too wide) detected at line 9
\TU/lmr/m/n/8 2.1. 
 []


Overfull \hbox (3.69598pt too wide) detected at line 10
\TU/lmr/m/n/8 2.2. 
 []


Overfull \hbox (3.69598pt too wide) detected at line 11
\TU/lmr/m/n/8 2.3. 
 []


Overfull \hbox (3.69598pt too wide) detected at line 14
\TU/lmr/m/n/8 3.1. 
 []

) [40] (./SAMPLE_html.aux
LaTeX Info: Redefining \sptext on input line 13.
LaTeX Info: Redefining \. on input line 13.
LaTeX Info: Redefining \% on input line 13.
)
 ***********
LaTeX2e <2023-11-01> patch level 1
L3 programming layer <2020/03/25>
 ***********
Package logreq Info: Writing requests to 'SAMPLE_html.run.xml'.

\openout1 = SAMPLE_html.run.xml
))

Here is how much of LuaTeX's memory you used:
 30703 strings out of 476447
 305503,2373549 words of node,token memory allocated
 604 words of node memory still in use:
   5 hlist, 1 vlist, 2 rule, 4 kern, 1 glyph, 7 attribute, 83 glue_spec, 5 attri
bute_list nodes
   avail lists: 1:3,2:3086,3:5297,4:83,5:881,6:553,7:30856,9:1688,10:46,11:1204
 51066 multiletter control sequences out of 65536+600000
 21 fonts using 1502359 bytes
 123i,5n,130p,2418b,2653s stack positions out of 10000i,1000n,20000p,200000b,200000s
</usr/share/texmf-dist/fonts/opentype/public/lm/lmroman8-bold.otf></usr/share/te
xmf-dist/fonts/opentype/public/lm/lmroman8-italic.otf></usr/share/texmf-dist/fon
ts/opentype/public/lm/lmroman8-regular.otf></usr/share/texmf-dist/fonts/opentype
/public/lm/lmmono8-regular.otf>
Output written on SAMPLE_html.pdf (40 pages, 184473 bytes).

PDF statistics: 158 PDF objects out of 1000 (max. 8388607)
 102 compressed objects within 2 object streams
 0 named destinations out of 1000 (max. 131072)
 1 words of extra memory for PDF output out of 10000 (max. 100000000)

