This is pdfTeX, Version 3.141592653-2.6-1.40.26 (TeX Live 2024/Arch Linux) (preloaded format=pdflatex 2024.5.15)  17 MAY 2024 21:42
entering extended mode
 \write18 enabled.
 %&-line parsing enabled.
**SAMPLE.tex
(./SAMPLE.tex
LaTeX2e <2023-11-01> patch level 1
L3 programming layer <2024-02-20>
(/usr/share/texmf-dist/tex/latex/base/book.cls
Document Class: book 2023/05/17 v1.4n Standard LaTeX document class
(/usr/share/texmf-dist/tex/latex/base/bk10.clo
File: bk10.clo 2023/05/17 v1.4n Standard LaTeX file (size option)
)
\c@part=\count188
\c@chapter=\count189
\c@section=\count190
\c@subsection=\count191
\c@subsubsection=\count192
\c@paragraph=\count193
\c@subparagraph=\count194
\c@figure=\count195
\c@table=\count196
\abovecaptionskip=\skip48
\belowcaptionskip=\skip49
\bibindent=\dimen140
)
(/usr/share/texmf-dist/tex/latex/lwarp/lwarp.sty
Package: lwarp 2024/02/22 v0.916 Allows LaTeX to directly produce HTML5 output.


(/usr/share/texmf-dist/tex/generic/iftex/iftex.sty
Package: iftex 2022/02/03 v1.0f TeX engine tests
)
(/usr/share/texmf-dist/tex/generic/iftex/ifpdf.sty
Package: ifpdf 2019/10/25 v3.4 ifpdf legacy package. Use iftex instead.
)
(/usr/share/texmf-dist/tex/generic/ifptex/ifptex.sty
Package: ifptex 2023/04/08 v2.2c pTeX checker
)
(/usr/share/texmf-dist/tex/latex/etoolbox/etoolbox.sty
Package: etoolbox 2020/10/05 v2.5k e-TeX tools for LaTeX (JAW)
\etb@tempcnta=\count197
)
(/usr/share/texmf-dist/tex/latex/verifycommand/verifycommand.sty
Package: verifycommand 2024/01/11 v1.00 Verify definitions have not changed.
)
(/usr/share/texmf-dist/tex/latex/xpatch/xpatch.sty
(/usr/share/texmf-dist/tex/latex/l3kernel/expl3.sty
Package: expl3 2024-02-20 L3 programming layer (loader) 

(/usr/share/texmf-dist/tex/latex/l3backend/l3backend-pdftex.def
File: l3backend-pdftex.def 2024-02-20 L3 backend support: PDF output (pdfTeX)
\l__color_backend_stack_int=\count198
\l__pdf_internal_box=\box51
))
Package: xpatch 2020/03/25 v0.3a Extending etoolbox patching commands

(/usr/share/texmf-dist/tex/latex/l3packages/xparse/xparse.sty
Package: xparse 2024-02-18 L3 Experimental document command parser
))
(/usr/share/texmf-dist/tex/latex/ifplatform/ifplatform.sty
Package: ifplatform 2017/10/13 v0.4a Testing for the operating system

(/usr/share/texmf-dist/tex/latex/tools/shellesc.sty
Package: shellesc 2023/07/08 v1.0d unified shell escape interface for LaTeX
Package shellesc Info: Unrestricted shell escape enabled on input line 75.
)
(/usr/share/texmf-dist/tex/generic/pdftexcmds/pdftexcmds.sty
Package: pdftexcmds 2020-06-27 v0.33 Utility functions of pdfTeX for LuaTeX (HO
)

(/usr/share/texmf-dist/tex/generic/infwarerr/infwarerr.sty
Package: infwarerr 2019/12/03 v1.5 Providing info/warning/error messages (HO)
)
(/usr/share/texmf-dist/tex/generic/ltxcmds/ltxcmds.sty
Package: ltxcmds 2023-12-04 v1.26 LaTeX kernel commands for general use (HO)
)
Package pdftexcmds Info: \pdf@primitive is available.
Package pdftexcmds Info: \pdf@ifprimitive is available.
Package pdftexcmds Info: \pdfdraftmode found.
)
(/usr/share/texmf-dist/tex/generic/catchfile/catchfile.sty
Package: catchfile 2019/12/09 v1.8 Catch the contents of a file (HO)

(/usr/share/texmf-dist/tex/generic/etexcmds/etexcmds.sty
Package: etexcmds 2019/12/15 v1.7 Avoid name clashes with e-TeX commands (HO)
))
(/usr/share/texmf-dist/tex/generic/iftex/ifluatex.sty
Package: ifluatex 2019/10/25 v1.5 ifluatex legacy package. Use iftex instead.
)
runsystem(uname -s > "SAMPLE.w18")...executed.

 (./SAMPLE.w18)
runsystem(rm -- "SAMPLE.w18")...executed.

)
(/usr/share/texmf-dist/tex/latex/letltxmacro/letltxmacro.sty
Package: letltxmacro 2019/12/03 v1.6 Let assignment for LaTeX macros (HO)
)
(/usr/share/texmf-dist/tex/latex/base/fontenc.sty
Package: fontenc 2021/04/29 v2.0v Standard LaTeX package
)
(/usr/share/texmf-dist/tex/latex/base/inputenc.sty
Package: inputenc 2021/02/14 v1.3d Input encoding file
\inpenc@prehook=\toks17
\inpenc@posthook=\toks18
)
(/usr/share/texmf-dist/tex/latex/newunicodechar/newunicodechar.sty
Package: newunicodechar 2018/04/08 v1.2 Defining Unicode characters
)

Package newunicodechar Warning: Redefining Unicode character on input line 867.



Package newunicodechar Warning: Redefining Unicode character on input line 868.



Package newunicodechar Warning: Redefining Unicode character on input line 869.



Package newunicodechar Warning: Redefining Unicode character on input line 870.



Package newunicodechar Warning: Redefining Unicode character on input line 871.



Package newunicodechar Warning: Redefining Unicode character on input line 872.



Package newunicodechar Warning: Redefining Unicode character on input line 873.


(/usr/share/texmf-dist/tex/latex/upquote/upquote.sty
Package: upquote 2012/04/19 v1.3 upright-quote and grave-accent glyphs in verba
tim

(/usr/share/texmf-dist/tex/latex/base/textcomp.sty
Package: textcomp 2020/02/02 v2.0n Standard LaTeX package
))
\LWR@templengthone=\skip50
\LWR@templengthtwo=\skip51
\LWR@templengththree=\skip52
\c@LWR@tempcountone=\count199
\c@LWR@texboxdepth=\count266

(/usr/share/texmf-dist/tex/latex/kvoptions/kvoptions.sty
Package: kvoptions 2022-06-15 v3.15 Key value format for package options (HO)

(/usr/share/texmf-dist/tex/latex/graphics/keyval.sty
Package: keyval 2022/05/29 v1.15 key=value parser (DPC)
\KV@toks@=\toks19
)
(/usr/share/texmf-dist/tex/latex/kvsetkeys/kvsetkeys.sty
Package: kvsetkeys 2022-10-05 v1.19 Key value parser (HO)
))
Package lwarp Info: Using option 'mathjax' on input line 1198.

(/usr/share/texmf-dist/tex/latex/comment/comment.sty
\CommentStream=\write3

Excluding comment 'comment') Lwarp: Including comment 'warpall'
Lwarp: Excluding comment 'warpHTML' Lwarp: Including comment 'warpprint'
Including 'warpprint' comment.
\openout3 = `comment_print.cut'.

 Straight input of comment_print.cut.
(./comment_print.cut Lwarp: Excluding comment 'warpMathJax')
Excluding 'warpHTML' comment. Including 'warpprint' comment.
\openout3 = `comment_print.cut'.


Straight input of comment_print.cut. (./comment_print.cut
Lwarp: Including comment 'warpsvg') Excluding 'warpHTML' comment.
Lwarp: Excluding comment 'LWRcreatelwarpmk' Excluding 'warpHTML' comment.
Excluding 'warpHTML' comment. Including 'warpall' comment.
\openout3 = `comment_all.cut'.


Straight input of comment_all.cut. (./comment_all.cut
(/usr/share/texmf-dist/tex/latex/tools/calc.sty
Package: calc 2023/07/08 v4.3 Infix arithmetic (KKT,FJ)
\calc@Acount=\count267
\calc@Bcount=\count268
\calc@Adimen=\dimen141
\calc@Bdimen=\dimen142
\calc@Askip=\skip53
\calc@Bskip=\skip54
LaTeX Info: Redefining \setlength on input line 80.
LaTeX Info: Redefining \addtolength on input line 81.
\calc@Ccount=\count269
\calc@Cskip=\skip55
))
Excluding 'warpHTML' comment. Including 'warpall' comment.
\openout3 = `comment_all.cut'.


Straight input of comment_all.cut. (./comment_all.cut)
Excluding 'warpHTML' comment. Including 'warpall' comment.
\openout3 = `comment_all.cut'.


Straight input of comment_all.cut. (./comment_all.cut
(/usr/share/texmf-dist/tex/generic/xstring/xstring.sty
(/usr/share/texmf-dist/tex/generic/xstring/xstring.tex
\xs_counta=\count270
\xs_countb=\count271
)
Package: xstring 2023/08/22 v1.86 String manipulations (CT)
)
(/usr/share/texmf-dist/tex/latex/environ/environ.sty
Package: environ 2014/05/04 v0.3 A new way to define environments

(/usr/share/texmf-dist/tex/latex/trimspaces/trimspaces.sty
Package: trimspaces 2009/09/17 v1.1 Trim spaces around a token list
)
\@envbody=\toks20
))
Excluding 'warpHTML' comment. Including 'warpall' comment.
\openout3 = `comment_all.cut'.


Straight input of comment_all.cut. (./comment_all.cut)
Excluding 'warpHTML' comment. Including 'warpall' comment.
\openout3 = `comment_all.cut'.


Straight input of comment_all.cut. (./comment_all.cut
\LWR@quickfile=\write4
)
Excluding 'warpHTML' comment. Excluding 'warpHTML' comment.
Excluding 'warpHTML' comment. Including 'warpall' comment.
\openout3 = `comment_all.cut'.


Straight input of comment_all.cut. (./comment_all.cut)
Including 'warpall' comment.
\openout3 = `comment_all.cut'.

 Straight input of comment_all.cut.
(./comment_all.cut) Excluding 'warpHTML' comment. Including 'warpall' comment.
\openout3 = `comment_all.cut'.


Straight input of comment_all.cut. (./comment_all.cut)
Excluding 'warpHTML' comment. Excluding 'warpHTML' comment.
Excluding 'warpHTML' comment. Lwarp: Excluding comment 'LWRwriteconf'
Including 'warpprint' comment.
\openout3 = `comment_print.cut'.

 Straight input of comment_print.cut.
(./comment_print.cut
Package lwarp Info: Generating lwarp configuration files, on input line 12.
 Lwarp: Including comment 'LWRwriteconf')
Including 'LWRwriteconf' comment.
\openout3 = `comment_writeconf.cut'.

 Straight input of comment_writeconf.cut.
(./comment_writeconf.cut
\openout4 = `SAMPLE_html.tex'.

) Including 'LWRwriteconf' comment.
\openout3 = `comment_writeconf.cut'.


Straight input of comment_writeconf.cut. (./comment_writeconf.cut)
Including 'LWRwriteconf' comment.
\openout3 = `comment_writeconf.cut'.

 Straight input of comment_writeconf.cut.
(./comment_writeconf.cut) Including 'LWRwriteconf' comment.
\openout3 = `comment_writeconf.cut'.


Straight input of comment_writeconf.cut. (./comment_writeconf.cut)
Including 'LWRwriteconf' comment.
\openout3 = `comment_writeconf.cut'.

 Straight input of comment_writeconf.cut.
(./comment_writeconf.cut

LaTeX Warning: Writing or overwriting file `lwarp.css'.

\openout15 = `lwarp.css'.


) Including 'LWRwriteconf' comment.
\openout3 = `comment_writeconf.cut'.

 Straight input of comment_writeconf.cut.
(./comment_writeconf.cut

LaTeX Warning: Writing or overwriting file `lwarp_sagebrush.css'.

\openout15 = `lwarp_sagebrush.css'.


) Including 'LWRwriteconf' comment.
\openout3 = `comment_writeconf.cut'.

 Straight input of comment_writeconf.cut.
(./comment_writeconf.cut

LaTeX Warning: Writing or overwriting file `lwarp_formal.css'.

\openout15 = `lwarp_formal.css'.


) Including 'LWRwriteconf' comment.
\openout3 = `comment_writeconf.cut'.

 Straight input of comment_writeconf.cut.
(./comment_writeconf.cut

LaTeX Warning: Writing or overwriting file `sample_project.css'.

\openout15 = `sample_project.css'.


) Including 'LWRwriteconf' comment.
\openout3 = `comment_writeconf.cut'.

 Straight input of comment_writeconf.cut.
(./comment_writeconf.cut

LaTeX Warning: Writing or overwriting file `lwarp.ist'.

\openout15 = `lwarp.ist'.


) Including 'LWRwriteconf' comment.
\openout3 = `comment_writeconf.cut'.

 Straight input of comment_writeconf.cut.
(./comment_writeconf.cut

LaTeX Warning: Writing or overwriting file `lwarp.xdy'.

\openout15 = `lwarp.xdy'.


) Including 'LWRwriteconf' comment.
\openout3 = `comment_writeconf.cut'.

 Straight input of comment_writeconf.cut.
(./comment_writeconf.cut
\openout4 = `lwarp_one_limage.txt'.

) Including 'LWRwriteconf' comment.
\openout3 = `comment_writeconf.cut'.


Straight input of comment_writeconf.cut. (./comment_writeconf.cut

LaTeX Warning: Writing or overwriting file `lwarp_mathjax.txt'.

\openout15 = `lwarp_mathjax.txt'.


) Excluding 'LWRcreatelwarpmk' comment. Excluding 'warpHTML' comment.
Excluding 'warpHTML' comment. Including 'warpall' comment.
\openout3 = `comment_all.cut'.


Straight input of comment_all.cut. (./comment_all.cut)
Excluding 'warpHTML' comment. Including 'warpall' comment.
\openout3 = `comment_all.cut'.


Straight input of comment_all.cut. (./comment_all.cut)
Excluding 'warpHTML' comment. Including 'warpall' comment.
\openout3 = `comment_all.cut'.


Straight input of comment_all.cut. (./comment_all.cut)
Excluding 'warpHTML' comment. Including 'warpall' comment.
\openout3 = `comment_all.cut'.


Straight input of comment_all.cut. (./comment_all.cut)
Excluding 'warpHTML' comment. Including 'warpprint' comment.
\openout3 = `comment_print.cut'.


Straight input of comment_print.cut. (./comment_print.cut)
Excluding 'warpHTML' comment. Including 'warpall' comment.
\openout3 = `comment_all.cut'.


Straight input of comment_all.cut. (./comment_all.cut)
Including 'warpprint' comment.
\openout3 = `comment_print.cut'.

 Straight input of comment_print.cut.
(./comment_print.cut) Excluding 'warpHTML' comment.
Excluding 'warpHTML' comment. Including 'warpprint' comment.
\openout3 = `comment_print.cut'.


Straight input of comment_print.cut. (./comment_print.cut)
Excluding 'warpHTML' comment. Excluding 'warpHTML' comment.
Excluding 'warpHTML' comment. Including 'warpall' comment.
\openout3 = `comment_all.cut'.


Straight input of comment_all.cut. (./comment_all.cut)
Excluding 'warpHTML' comment. Including 'warpall' comment.
\openout3 = `comment_all.cut'.


Straight input of comment_all.cut. (./comment_all.cut)
Excluding 'warpHTML' comment. Including 'warpall' comment.
\openout3 = `comment_all.cut'.


Straight input of comment_all.cut. (./comment_all.cut)
Excluding 'warpHTML' comment. Including 'warpall' comment.
\openout3 = `comment_all.cut'.


Straight input of comment_all.cut. (./comment_all.cut)
Excluding 'warpHTML' comment. Excluding 'warpHTML' comment.
Excluding 'warpHTML' comment. Excluding 'warpHTML' comment.
Excluding 'warpHTML' comment. Including 'warpall' comment.
\openout3 = `comment_all.cut'.


Straight input of comment_all.cut. (./comment_all.cut)
Excluding 'warpHTML' comment. Including 'warpprint' comment.
\openout3 = `comment_print.cut'.


Straight input of comment_print.cut. (./comment_print.cut)
Excluding 'warpHTML' comment. Including 'warpprint' comment.
\openout3 = `comment_print.cut'.


Straight input of comment_print.cut. (./comment_print.cut)
Excluding 'warpHTML' comment. Including 'warpall' comment.
\openout3 = `comment_all.cut'.


Straight input of comment_all.cut. (./comment_all.cut)
Including 'warpall' comment.
\openout3 = `comment_all.cut'.

 Straight input of comment_all.cut.
(./comment_all.cut
\c@FootnoteDepth=\count272
\c@footnoteReset=\count273
) Excluding 'warpHTML' comment.
Excluding 'warpHTML' comment. Including 'warpprint' comment.
\openout3 = `comment_print.cut'.


Straight input of comment_print.cut. (./comment_print.cut)
\c@LWR@currentautosecpage=\count274
\c@LWR@currentautosecfloatpage=\count275
\c@LWR@previousautopagelabel=\count276

Including 'warpall' comment.
\openout3 = `comment_all.cut'.

 Straight input of comment_all.cut.
(./comment_all.cut
\c@FileDepth=\count277
) Excluding 'warpHTML' comment.
Excluding 'warpMathJax' comment. Excluding 'warpMathJax' comment.
Excluding 'warpHTML' comment. Including 'warpprint' comment.
\openout3 = `comment_print.cut'.


Straight input of comment_print.cut. (./comment_print.cut)
Excluding 'warpHTML' comment. Excluding 'warpHTML' comment.
Including 'warpprint' comment.
\openout3 = `comment_print.cut'.

 Straight input of comment_print.cut.
(./comment_print.cut) Excluding 'warpHTML' comment.
Including 'warpall' comment.
\openout3 = `comment_all.cut'.

 Straight input of comment_all.cut.
(./comment_all.cut) Excluding 'warpHTML' comment.
Excluding 'warpHTML' comment. Excluding 'warpHTML' comment.
Including 'warpall' comment.
\openout3 = `comment_all.cut'.

 Straight input of comment_all.cut.
(./comment_all.cut) Including 'warpall' comment.
\openout3 = `comment_all.cut'.


Straight input of comment_all.cut. (./comment_all.cut)
Including 'warpprint' comment.
\openout3 = `comment_print.cut'.

 Straight input of comment_print.cut.
(./comment_print.cut) Excluding 'warpHTML' comment.
Including 'warpprint' comment.
\openout3 = `comment_print.cut'.

 Straight input of comment_print.cut.
(./comment_print.cut) Excluding 'warpHTML' comment.
Excluding 'warpHTML' comment. Including 'warpprint' comment.
\openout3 = `comment_print.cut'.


Straight input of comment_print.cut. (./comment_print.cut)
Excluding 'warpHTML' comment. Including 'warpall' comment.
\openout3 = `comment_all.cut'.


Straight input of comment_all.cut. (./comment_all.cut)
Excluding 'warpHTML' comment. Including 'warpall' comment.
\openout3 = `comment_all.cut'.


Straight input of comment_all.cut. (./comment_all.cut)
Excluding 'warpHTML' comment. Excluding 'warpHTML' comment.
Excluding 'warpHTML' comment. Including 'warpall' comment.
\openout3 = `comment_all.cut'.


Straight input of comment_all.cut. (./comment_all.cut
\HTMLvleftskip=\skip56
\HTMLleftmargini=\skip57
)
Including 'warpall' comment.
\openout3 = `comment_all.cut'.

 Straight input of comment_all.cut.
(./comment_all.cut
\VerbatimHTMLWidth=\skip58
) Excluding 'warpHTML' comment.
Excluding 'warpHTML' comment. Excluding 'warpHTML' comment.
Excluding 'warpHTML' comment. Excluding 'warpHTML' comment.
Including 'warpprint' comment.
\openout3 = `comment_print.cut'.

 Straight input of comment_print.cut.
(./comment_print.cut) Excluding 'warpHTML' comment.
Excluding 'warpHTML' comment. Including 'warpall' comment.
\openout3 = `comment_all.cut'.


Straight input of comment_all.cut. (./comment_all.cut)
Excluding 'warpHTML' comment. Including 'warpall' comment.
\openout3 = `comment_all.cut'.


Straight input of comment_all.cut. (./comment_all.cut)
Excluding 'warpHTML' comment. Including 'warpprint' comment.
\openout3 = `comment_print.cut'.


Straight input of comment_print.cut. (./comment_print.cut)
Excluding 'warpHTML' comment. Including 'warpall' comment.
\openout3 = `comment_all.cut'.


Straight input of comment_all.cut. (./comment_all.cut)
Including 'warpall' comment.
\openout3 = `comment_all.cut'.

 Straight input of comment_all.cut.
(./comment_all.cut) Excluding 'warpHTML' comment.
Excluding 'warpHTML' comment. Excluding 'warpHTML' comment.
Excluding 'warpHTML' comment. Including 'warpall' comment.
\openout3 = `comment_all.cut'.


Straight input of comment_all.cut. (./comment_all.cut
\c@SideTOCDepth=\count278
)
Excluding 'warpHTML' comment. Excluding 'warpHTML' comment.
Including 'warpprint' comment.
\openout3 = `comment_print.cut'.

 Straight input of comment_print.cut.
(./comment_print.cut) Including 'warpall' comment.
\openout3 = `comment_all.cut'.


Straight input of comment_all.cut. (./comment_all.cut)
Excluding 'warpHTML' comment. Excluding 'warpHTML' comment.
Excluding 'warpHTML' comment. Including 'warpall' comment.
\openout3 = `comment_all.cut'.


Straight input of comment_all.cut. (./comment_all.cut)
Excluding 'warpHTML' comment. Including 'warpprint' comment.
\openout3 = `comment_print.cut'.


Straight input of comment_print.cut. (./comment_print.cut)
Excluding 'warpHTML' comment. Excluding 'warpHTML' comment.
Including 'warpall' comment.
\openout3 = `comment_all.cut'.

 Straight input of comment_all.cut.
(./comment_all.cut) Excluding 'warpHTML' comment.
Including 'warpprint' comment.
\openout3 = `comment_print.cut'.

 Straight input of comment_print.cut.
(./comment_print.cut) Excluding 'warpHTML' comment.
Excluding 'warpHTML' comment. Excluding 'warpHTML' comment.
Including 'warpprint' comment.
\openout3 = `comment_print.cut'.

 Straight input of comment_print.cut.
(./comment_print.cut) Including 'warpprint' comment.
\openout3 = `comment_print.cut'.


Straight input of comment_print.cut. (./comment_print.cut)
Including 'warpall' comment.
\openout3 = `comment_all.cut'.

 Straight input of comment_all.cut.
(./comment_all.cut) Including 'warpprint' comment.
\openout3 = `comment_print.cut'.


Straight input of comment_print.cut. (./comment_print.cut)
Excluding 'warpHTML' comment. Excluding 'warpHTML' comment.
Excluding 'warpHTML' comment. Excluding 'warpHTML' comment.
Including 'warpprint' comment.
\openout3 = `comment_print.cut'.

 Straight input of comment_print.cut.
(./comment_print.cut) Excluding 'warpHTML' comment.
Including 'warpall' comment.
\openout3 = `comment_all.cut'.

 Straight input of comment_all.cut.
(./comment_all.cut) Excluding 'warpHTML' comment. Including 'warpall' comment.
\openout3 = `comment_all.cut'.


Straight input of comment_all.cut. (./comment_all.cut
\LWR@fminipagebox=\box52
)
Excluding 'warpHTML' comment. Including 'warpall' comment.
\openout3 = `comment_all.cut'.


Straight input of comment_all.cut. (./comment_all.cut)
Excluding 'warpHTML' comment. Including 'warpprint' comment.
\openout3 = `comment_print.cut'.


Straight input of comment_print.cut. (./comment_print.cut)
Excluding 'warpHTML' comment. Excluding 'warpHTML' comment.
Including 'warpall' comment.
\openout3 = `comment_all.cut'.

 Straight input of comment_all.cut.
(./comment_all.cut) Excluding 'warpHTML' comment.
Excluding 'warpHTML' comment. Excluding 'warpHTML' comment.
Excluding 'warpHTML' comment. Excluding 'warpHTML' comment.
Excluding 'warpHTML' comment. Excluding 'warpHTML' comment.
Including 'warpprint' comment.
\openout3 = `comment_print.cut'.

 Straight input of comment_print.cut.
(./comment_print.cut) Excluding 'warpHTML' comment.
Excluding 'warpHTML' comment. Excluding 'warpHTML' comment.
Excluding 'warpHTML' comment. Excluding 'warpHTML' comment.)
(/usr/share/texmf-dist/tex/latex/lipsum/lipsum.sty
(/usr/share/texmf-dist/tex/latex/l3packages/l3keys2e/l3keys2e.sty
Package: l3keys2e 2024-02-18 LaTeX2e option processing using LaTeX3 keys
)
Package: lipsum 2021-09-20 v2.7 150 paragraphs of Lorem Ipsum dummy text
\g__lipsum_par_int=\count279
\l__lipsum_a_int=\count280
\l__lipsum_b_int=\count281

(/usr/share/texmf-dist/tex/latex/lipsum/lipsum.ltd.tex))
(/usr/share/texmf-dist/tex/generic/babel/babel.sty
Package: babel 2024/02/07 v24.2 The Babel package
\babel@savecnt=\count282
\U@D=\dimen143
\l@unhyphenated=\language5

(/usr/share/texmf-dist/tex/generic/babel/txtbabel.def)
\bbl@readstream=\read2
\bbl@dirlevel=\count283

(/usr/share/texmf-dist/tex/generic/babel-spanish/spanish.ldf
Language: spanish.ldf 2021/05/27 v5.0q Spanish support from the babel system


Package babel Warning: No hyphenation patterns were preloaded for
(babel)                the language 'Spanish' into the format.
(babel)                Please, configure your TeX system to add them and
(babel)                rebuild the format. Now I will use the patterns
(babel)                preloaded for \language=0 instead on input line 51.

Package babel Info: Hyphen rules for 'spanish' set to \l@english
(babel)             (\language0). Reported on input line 52.
\es@quottoks=\toks21
\es@quotdepth=\count284
Package babel Info: Making " an active character on input line 570.
Package babel Info: Making . an active character on input line 675.
Package babel Info: Making < an active character on input line 722.
Package babel Info: Making > an active character on input line 722.
)) (/usr/share/texmf-dist/tex/generic/babel/locale/es/babel-spanish.tex
Package babel Info: Importing font and identification data for spanish
(babel)             from babel-es.ini. Reported on input line 11.
)
(/usr/share/texmf-dist/tex/latex/csquotes/csquotes.sty
Package: csquotes 2022-09-14 v5.2n context-sensitive quotations (JAW)
\csq@reset=\count285
\csq@gtype=\count286
\csq@glevel=\count287
\csq@qlevel=\count288
\csq@maxlvl=\count289
\csq@tshold=\count290
\csq@ltx@everypar=\toks22

(/usr/share/texmf-dist/tex/latex/csquotes/csquotes.def
File: csquotes.def 2022-09-14 v5.2n csquotes generic definitions (JAW)
)
Package csquotes Info: Trying to load configuration file 'csquotes.cfg'...
Package csquotes Info: ... configuration file loaded successfully.

(/usr/share/texmf-dist/tex/latex/csquotes/csquotes.cfg
File: csquotes.cfg 
))
(/usr/share/texmf-dist/tex/latex/graphics/graphicx.sty
Package: graphicx 2021/09/16 v1.2d Enhanced LaTeX Graphics (DPC,SPQR)

(/usr/share/texmf-dist/tex/latex/graphics/graphics.sty
Package: graphics 2022/03/10 v1.4e Standard LaTeX Graphics (DPC,SPQR)

(/usr/share/texmf-dist/tex/latex/graphics/trig.sty
Package: trig 2021/08/11 v1.11 sin cos tan (DPC)
)
(/usr/share/texmf-dist/tex/latex/graphics-cfg/graphics.cfg
File: graphics.cfg 2016/06/04 v1.11 sample graphics configuration
)
Package graphics Info: Driver file: pdftex.def on input line 107.

(/usr/share/texmf-dist/tex/latex/graphics-def/pdftex.def
File: pdftex.def 2022/09/22 v1.2b Graphics/color driver for pdftex
))
\Gin@req@height=\dimen144
\Gin@req@width=\dimen145
)
(/usr/share/texmf-dist/tex/latex/biblatex/biblatex.sty
Package: biblatex 2023/03/05 v3.19 programmable bibliographies (PK/MW)

(/usr/share/texmf-dist/tex/latex/logreq/logreq.sty
Package: logreq 2010/08/04 v1.0 xml request logger
\lrq@indent=\count291

(/usr/share/texmf-dist/tex/latex/logreq/logreq.def
File: logreq.def 2010/08/04 v1.0 logreq spec v1.0
))
(/usr/share/texmf-dist/tex/latex/base/ifthen.sty
Package: ifthen 2022/04/13 v1.1d Standard LaTeX ifthen package (DPC)
)
(/usr/share/texmf-dist/tex/latex/url/url.sty
\Urlmuskip=\muskip16
Package: url 2013/09/16  ver 3.4  Verb mode for urls, etc.
)
\c@tabx@nest=\count292
\c@listtotal=\count293
\c@listcount=\count294
\c@liststart=\count295
\c@liststop=\count296
\c@citecount=\count297
\c@citetotal=\count298
\c@multicitecount=\count299
\c@multicitetotal=\count300
\c@instcount=\count301
\c@maxnames=\count302
\c@minnames=\count303
\c@maxitems=\count304
\c@minitems=\count305
\c@citecounter=\count306
\c@maxcitecounter=\count307
\c@savedcitecounter=\count308
\c@uniquelist=\count309
\c@uniquename=\count310
\c@refsection=\count311
\c@refsegment=\count312
\c@maxextratitle=\count313
\c@maxextratitleyear=\count314
\c@maxextraname=\count315
\c@maxextradate=\count316
\c@maxextraalpha=\count317
\c@abbrvpenalty=\count318
\c@highnamepenalty=\count319
\c@lownamepenalty=\count320
\c@maxparens=\count321
\c@parenlevel=\count322
\blx@tempcnta=\count323
\blx@tempcntb=\count324
\blx@tempcntc=\count325
\c@blx@maxsection=\count326
\blx@maxsegment@0=\count327
\blx@notetype=\count328
\blx@parenlevel@text=\count329
\blx@parenlevel@foot=\count330
\blx@sectionciteorder@0=\count331
\blx@sectionciteorderinternal@0=\count332
\blx@entrysetcounter=\count333
\blx@biblioinstance=\count334
\labelnumberwidth=\skip59
\labelalphawidth=\skip60
\biblabelsep=\skip61
\bibitemsep=\skip62
\bibnamesep=\skip63
\bibinitsep=\skip64
\bibparsep=\skip65
\bibhang=\skip66
\blx@bcfin=\read3
\blx@bcfout=\write5
\blx@langwohyphens=\language6
\c@mincomprange=\count335
\c@maxcomprange=\count336
\c@mincompwidth=\count337
Package biblatex Info: Trying to load biblatex default data model...
Package biblatex Info: ... file 'blx-dm.def' found.

(/usr/share/texmf-dist/tex/latex/biblatex/blx-dm.def
File: blx-dm.def 2023/03/05 v3.19 biblatex localization (PK/MW)
)
Package biblatex Info: Trying to load biblatex style data model...
Package biblatex Info: ... file 'authoryear.dbx' not found.
Package biblatex Info: Trying to load biblatex custom data model...
Package biblatex Info: ... file 'biblatex-dm.cfg' not found.
\c@afterword=\count338
\c@savedafterword=\count339
\c@annotator=\count340
\c@savedannotator=\count341
\c@author=\count342
\c@savedauthor=\count343
\c@bookauthor=\count344
\c@savedbookauthor=\count345
\c@commentator=\count346
\c@savedcommentator=\count347
\c@editor=\count348
\c@savededitor=\count349
\c@editora=\count350
\c@savededitora=\count351
\c@editorb=\count352
\c@savededitorb=\count353
\c@editorc=\count354
\c@savededitorc=\count355
\c@foreword=\count356
\c@savedforeword=\count357
\c@holder=\count358
\c@savedholder=\count359
\c@introduction=\count360
\c@savedintroduction=\count361
\c@namea=\count362
\c@savednamea=\count363
\c@nameb=\count364
\c@savednameb=\count365
\c@namec=\count366
\c@savednamec=\count367
\c@translator=\count368
\c@savedtranslator=\count369
\c@shortauthor=\count370
\c@savedshortauthor=\count371
\c@shorteditor=\count372
\c@savedshorteditor=\count373
\c@labelname=\count374
\c@savedlabelname=\count375
\c@institution=\count376
\c@savedinstitution=\count377
\c@lista=\count378
\c@savedlista=\count379
\c@listb=\count380
\c@savedlistb=\count381
\c@listc=\count382
\c@savedlistc=\count383
\c@listd=\count384
\c@savedlistd=\count385
\c@liste=\count386
\c@savedliste=\count387
\c@listf=\count388
\c@savedlistf=\count389
\c@location=\count390
\c@savedlocation=\count391
\c@organization=\count392
\c@savedorganization=\count393
\c@origlocation=\count394
\c@savedoriglocation=\count395
\c@origpublisher=\count396
\c@savedorigpublisher=\count397
\c@publisher=\count398
\c@savedpublisher=\count399
\c@language=\count400
\c@savedlanguage=\count401
\c@origlanguage=\count402
\c@savedoriglanguage=\count403
\c@pageref=\count404
\c@savedpageref=\count405
\shorthandwidth=\skip67
\shortjournalwidth=\skip68
\shortserieswidth=\skip69
\shorttitlewidth=\skip70
\shortauthorwidth=\skip71
\shorteditorwidth=\skip72
\locallabelnumberwidth=\skip73
\locallabelalphawidth=\skip74
\localshorthandwidth=\skip75
\localshortjournalwidth=\skip76
\localshortserieswidth=\skip77
\localshorttitlewidth=\skip78
\localshortauthorwidth=\skip79
\localshorteditorwidth=\skip80
Package biblatex Info: Trying to load compatibility code...
Package biblatex Info: ... file 'blx-compat.def' found.

(/usr/share/texmf-dist/tex/latex/biblatex/blx-compat.def
File: blx-compat.def 2023/03/05 v3.19 biblatex compatibility (PK/MW)
)
Package biblatex Info: Trying to load generic definitions...
Package biblatex Info: ... file 'biblatex.def' found.

(/usr/share/texmf-dist/tex/latex/biblatex/biblatex.def
File: biblatex.def 2023/03/05 v3.19 biblatex compatibility (PK/MW)
\c@textcitecount=\count406
\c@textcitetotal=\count407
\c@textcitemaxnames=\count408
\c@biburlbigbreakpenalty=\count409
\c@biburlbreakpenalty=\count410
\c@biburlnumpenalty=\count411
\c@biburlucpenalty=\count412
\c@biburllcpenalty=\count413
\biburlbigskip=\muskip17
\biburlnumskip=\muskip18
\biburlucskip=\muskip19
\biburllcskip=\muskip20
\c@smartand=\count414
)
Package biblatex Info: Trying to load bibliography style 'authoryear'...
Package biblatex Info: ... file 'authoryear.bbx' found.

(/usr/share/texmf-dist/tex/latex/biblatex/bbx/authoryear.bbx
File: authoryear.bbx 2023/03/05 v3.19 biblatex bibliography style (PK/MW)
Package biblatex Info: Trying to load bibliography style 'standard'...
Package biblatex Info: ... file 'standard.bbx' found.

(/usr/share/texmf-dist/tex/latex/biblatex/bbx/standard.bbx
File: standard.bbx 2023/03/05 v3.19 biblatex bibliography style (PK/MW)
\c@bbx:relatedcount=\count415
\c@bbx:relatedtotal=\count416
))
Package biblatex Info: Trying to load citation style 'authoryear'...
Package biblatex Info: ... file 'authoryear.cbx' found.

(/usr/share/texmf-dist/tex/latex/biblatex/cbx/authoryear.cbx
File: authoryear.cbx 2023/03/05 v3.19 biblatex citation style (PK/MW)
Package biblatex Info: Redefining '\cite'.
Package biblatex Info: Redefining '\parencite'.
Package biblatex Info: Redefining '\footcite'.
Package biblatex Info: Redefining '\footcitetext'.
Package biblatex Info: Redefining '\smartcite'.
Package biblatex Info: Redefining '\textcite'.
Package biblatex Info: Redefining '\textcites'.
)
Package biblatex Info: Trying to load configuration file...
Package biblatex Info: ... file 'biblatex.cfg' found.

(/usr/share/texmf-dist/tex/latex/biblatex/biblatex.cfg
File: biblatex.cfg 
)
Package biblatex Info: Input encoding 'utf8' detected.
Package biblatex Info: Document encoding is UTF8 ....
Package biblatex Info: ... and expl3
(biblatex)             2024-02-20 L3 programming layer (loader) 
(biblatex)             is new enough (at least 2020/04/06),
(biblatex)             setting 'casechanger=expl3'.

(/usr/share/texmf-dist/tex/latex/biblatex/blx-case-expl3.sty
Package: blx-case-expl3 2023/03/05 v3.19 expl3 case changing code for biblatex
))
(/usr/share/texmf-dist/tex/latex/hyperref/hyperref.sty
Package: hyperref 2024-01-20 v7.01h Hypertext links for LaTeX

(/usr/share/texmf-dist/tex/generic/kvdefinekeys/kvdefinekeys.sty
Package: kvdefinekeys 2019-12-19 v1.6 Define keys (HO)
)
(/usr/share/texmf-dist/tex/generic/pdfescape/pdfescape.sty
Package: pdfescape 2019/12/09 v1.15 Implements pdfTeX's escape features (HO)
)
(/usr/share/texmf-dist/tex/latex/hycolor/hycolor.sty
Package: hycolor 2020-01-27 v1.10 Color options for hyperref/bookmark (HO)
)
(/usr/share/texmf-dist/tex/latex/auxhook/auxhook.sty
Package: auxhook 2019-12-17 v1.6 Hooks for auxiliary files (HO)
)
(/usr/share/texmf-dist/tex/latex/hyperref/nameref.sty
Package: nameref 2023-11-26 v2.56 Cross-referencing by name of section

(/usr/share/texmf-dist/tex/latex/refcount/refcount.sty
Package: refcount 2019/12/15 v3.6 Data extraction from label references (HO)
)
(/usr/share/texmf-dist/tex/generic/gettitlestring/gettitlestring.sty
Package: gettitlestring 2019/12/15 v1.6 Cleanup title references (HO)
)
\c@section@level=\count417
)
\@linkdim=\dimen146
\Hy@linkcounter=\count418
\Hy@pagecounter=\count419

(/usr/share/texmf-dist/tex/latex/hyperref/pd1enc.def
File: pd1enc.def 2024-01-20 v7.01h Hyperref: PDFDocEncoding definition (HO)
Now handling font encoding PD1 ...
... no UTF-8 mapping file for font encoding PD1
)
(/usr/share/texmf-dist/tex/generic/intcalc/intcalc.sty
Package: intcalc 2019/12/15 v1.3 Expandable calculations with integers (HO)
)
\Hy@SavedSpaceFactor=\count420

(/usr/share/texmf-dist/tex/latex/hyperref/puenc.def
File: puenc.def 2024-01-20 v7.01h Hyperref: PDF Unicode definition (HO)
Now handling font encoding PU ...
... no UTF-8 mapping file for font encoding PU
)
Package hyperref Info: Hyper figures OFF on input line 4179.
Package hyperref Info: Link nesting OFF on input line 4184.
Package hyperref Info: Hyper index ON on input line 4187.
Package hyperref Info: Plain pages OFF on input line 4194.
Package hyperref Info: Backreferencing OFF on input line 4199.
Package hyperref Info: Implicit mode ON; LaTeX internals redefined.
Package hyperref Info: Bookmarks ON on input line 4446.
\c@Hy@tempcnt=\count421
LaTeX Info: Redefining \url on input line 4784.
\XeTeXLinkMargin=\dimen147

(/usr/share/texmf-dist/tex/generic/bitset/bitset.sty
Package: bitset 2019/12/09 v1.3 Handle bit-vector datatype (HO)

(/usr/share/texmf-dist/tex/generic/bigintcalc/bigintcalc.sty
Package: bigintcalc 2019/12/15 v1.5 Expandable calculations on big integers (HO
)
))
\Fld@menulength=\count422
\Field@Width=\dimen148
\Fld@charsize=\dimen149
Package hyperref Info: Hyper figures OFF on input line 6063.
Package hyperref Info: Link nesting OFF on input line 6068.
Package hyperref Info: Hyper index ON on input line 6071.
Package hyperref Info: backreferencing OFF on input line 6078.
Package hyperref Info: Link coloring OFF on input line 6083.
Package hyperref Info: Link coloring with OCG OFF on input line 6088.
Package hyperref Info: PDF/A mode OFF on input line 6093.

(/usr/share/texmf-dist/tex/latex/base/atbegshi-ltx.sty
Package: atbegshi-ltx 2021/01/10 v1.0c Emulation of the original atbegshi
package with kernel methods
)
\Hy@abspage=\count423
\c@Item=\count424
\c@Hfootnote=\count425
)
Package hyperref Info: Driver (autodetected): hpdftex.

(/usr/share/texmf-dist/tex/latex/hyperref/hpdftex.def
File: hpdftex.def 2024-01-20 v7.01h Hyperref driver for pdfTeX

(/usr/share/texmf-dist/tex/latex/base/atveryend-ltx.sty
Package: atveryend-ltx 2020/08/19 v1.0a Emulation of the original atveryend pac
kage
with kernel methods
)
\Fld@listcount=\count426
\c@bookmark@seq@number=\count427

(/usr/share/texmf-dist/tex/latex/rerunfilecheck/rerunfilecheck.sty
Package: rerunfilecheck 2022-07-10 v1.10 Rerun checks for auxiliary files (HO)

(/usr/share/texmf-dist/tex/generic/uniquecounter/uniquecounter.sty
Package: uniquecounter 2019/12/15 v1.4 Provide unlimited unique counter (HO)
)
Package uniquecounter Info: New unique counter `rerunfilecheck' on input line 2
85.
)
\Hy@SectionHShift=\skip81
)
Package csquotes Info: Checking for multilingual support...
Package csquotes Info: ... found 'babel' package.
Package csquotes Info: Adjusting default style.
Package csquotes Info: Redefining alias 'default' -> 'spanish'.

(./SAMPLE.aux
LaTeX Info: Redefining \. on input line 12.
LaTeX Info: Redefining \% on input line 12.
)
\openout1 = `SAMPLE.aux'.

LaTeX Font Info:    Checking defaults for OML/cmm/m/it on input line 37.
LaTeX Font Info:    ... okay on input line 37.
LaTeX Font Info:    Checking defaults for OMS/cmsy/m/n on input line 37.
LaTeX Font Info:    ... okay on input line 37.
LaTeX Font Info:    Checking defaults for OT1/cmr/m/n on input line 37.
LaTeX Font Info:    ... okay on input line 37.
LaTeX Font Info:    Checking defaults for T1/cmr/m/n on input line 37.
LaTeX Font Info:    ... okay on input line 37.
LaTeX Font Info:    Checking defaults for TS1/cmr/m/n on input line 37.
LaTeX Font Info:    ... okay on input line 37.
LaTeX Font Info:    Checking defaults for OMX/cmex/m/n on input line 37.
LaTeX Font Info:    ... okay on input line 37.
LaTeX Font Info:    Checking defaults for U/cmr/m/n on input line 37.
LaTeX Font Info:    ... okay on input line 37.
LaTeX Font Info:    Checking defaults for PD1/pdf/m/n on input line 37.
LaTeX Font Info:    ... okay on input line 37.
LaTeX Font Info:    Checking defaults for PU/pdf/m/n on input line 37.
LaTeX Font Info:    ... okay on input line 37.
\openout4 = `lwarpmk.conf'.

\openout4 = `SAMPLE.lwarpmkconf'.

LaTeX Info: Redefining \. on input line 37.
LaTeX Info: Redefining \% on input line 37.
 (/usr/share/texmf-dist/tex/context/base/mkii/supp-pdf.mkii
[Loading MPS to PDF converter (version 2006.09.02).]
\scratchcounter=\count428
\scratchdimen=\dimen150
\scratchbox=\box53
\nofMPsegments=\count429
\nofMParguments=\count430
\everyMPshowfont=\toks23
\MPscratchCnt=\count431
\MPscratchDim=\dimen151
\MPnumerator=\count432
\makeMPintoPDFobject=\count433
\everyMPtoPDFconversion=\toks24
) (/usr/share/texmf-dist/tex/latex/epstopdf-pkg/epstopdf-base.sty
Package: epstopdf-base 2020-01-24 v2.11 Base part for package epstopdf
Package epstopdf-base Info: Redefining graphics rule for `.eps' on input line 4
85.

(/usr/share/texmf-dist/tex/latex/latexconfig/epstopdf-sys.cfg
File: epstopdf-sys.cfg 2010/07/13 v1.3 Configuration of (r)epstopdf for TeX Liv
e
))
Package biblatex Info: Trying to load language 'spanish'...
Package biblatex Info: ... file 'spanish.lbx' found.

(/usr/share/texmf-dist/tex/latex/biblatex/lbx/spanish.lbx
File: spanish.lbx 2023/03/05 v3.19 biblatex localization (PK/MW)
)
Package biblatex Info: Input encoding 'utf8' detected.
Package biblatex Info: Automatic encoding selection.
(biblatex)             Assuming data encoding 'utf8'.
\openout5 = `SAMPLE.bcf'.

Package biblatex Info: Trying to load bibliographic data...
Package biblatex Info: ... file 'SAMPLE.bbl' found.
 (./SAMPLE.bbl)
Package biblatex Info: Reference section=0 on input line 37.
Package biblatex Info: Reference segment=0 on input line 37.
Package hyperref Info: Link coloring OFF on input line 37.

(./SAMPLE.out) (./SAMPLE.out)
\@outlinefile=\write6
\openout6 = `SAMPLE.out'.

 (./SAMPLE.toc
LaTeX Info: Redefining \sptext on input line 1.
LaTeX Info: Redefining \. on input line 1.
LaTeX Info: Redefining \% on input line 1.
LaTeX Font Info:    External font `cmex10' loaded for size
(Font)              <7> on input line 5.
LaTeX Font Info:    External font `cmex10' loaded for size
(Font)              <5> on input line 5.
)
\tf@toc=\write7
\openout7 = `SAMPLE.toc'.

 [1



{/var/lib/texmf/fonts/map/pdftex/updmap/pdftex.map}{/usr/share/texmf-dist/fonts
/enc/dvips/cm-super/cm-super-t1.enc}]
LaTeX Info: Redefining \. on input line 42.
LaTeX Info: Redefining \% on input line 42.
 [2

] [3]
LaTeX Info: Redefining \. on input line 46.
LaTeX Info: Redefining \% on input line 46.
 [4

]

Package lipsum Warning: Unknown language 'latin'. Hyphenation patterns for
(lipsum)                'spanish' will be used instead.

LaTeX Font Info:    External font `cmex10' loaded for size
(Font)              <8> on input line 50.
LaTeX Font Info:    External font `cmex10' loaded for size
(Font)              <6> on input line 50.
[5]
LaTeX Info: Redefining \. on input line 54.
LaTeX Info: Redefining \% on input line 54.
 [6

]
Cap\'{\i }tulo 1.
[1

]
<imagen1.jpg, id=141, 246.6816pt x 164.2938pt>
File: imagen1.jpg Graphic file (type jpg)
<use imagen1.jpg>
Package pdftex.def Info: imagen1.jpg  used on input line 69.
(pdftex.def)             Requested size: 345.0pt x 229.79663pt.
LaTeX Info: Redefining \. on input line 82.
LaTeX Info: Redefining \% on input line 82.
 [2 <./imagen1.jpg>]
LaTeX Info: Redefining \. on input line 93.
LaTeX Info: Redefining \% on input line 93.
 [3]
LaTeX Info: Redefining \. on input line 93.
LaTeX Info: Redefining \% on input line 93.
 [4

]
Cap\'{\i }tulo 2.
[5]
LaTeX Info: Redefining \. on input line 113.
LaTeX Info: Redefining \% on input line 113.
 [6]
LaTeX Info: Redefining \. on input line 125.
LaTeX Info: Redefining \% on input line 125.
 [7]
LaTeX Info: Redefining \. on input line 126.
LaTeX Info: Redefining \% on input line 126.
 [8]
Cap\'{\i }tulo 3.
[9

]
LaTeX Info: Redefining \. on input line 139.
LaTeX Info: Redefining \% on input line 139.
 [10] [11


]
LaTeX Info: Redefining \. on input line 144.
LaTeX Info: Redefining \% on input line 144.
 [12

] [13]
LaTeX Info: Redefining \. on input line 148.
LaTeX Info: Redefining \% on input line 148.
 [14

] [15] (./SAMPLE.aux
LaTeX Info: Redefining \sptext on input line 12.
LaTeX Info: Redefining \. on input line 12.
LaTeX Info: Redefining \% on input line 12.
)
 ***********
LaTeX2e <2023-11-01> patch level 1
L3 programming layer <2020/03/25>
 ***********


LaTeX Warning: There were undefined references.

Package rerunfilecheck Info: File `SAMPLE.out' has not changed.
(rerunfilecheck)             Checksum: 24C4F472AF471CB6D4C5C3E2B0E45F29;1924.

Package biblatex Warning: Please rerun LaTeX.
(biblatex)                Page breaks have changed.

Package logreq Info: Writing requests to 'SAMPLE.run.xml'.
\openout1 = `SAMPLE.run.xml'.

 ) 
Here is how much of TeX's memory you used:
 20802 strings out of 476076
 366245 string characters out of 5793775
 1937187 words of memory out of 5000000
 42435 multiletter control sequences out of 15000+600000
 573461 words of font info for 60 fonts, out of 8000000 for 9000
 14 hyphenation exceptions out of 8191
 80i,8n,93p,1035b,1910s stack positions out of 10000i,1000n,20000p,200000b,200000s
</usr/share/texmf-dist/fonts/type1/public/cm-super/sfbx1000.pfb></usr/share/t
exmf-dist/fonts/type1/public/cm-super/sfbx1200.pfb></usr/share/texmf-dist/fonts
/type1/public/cm-super/sfbx1440.pfb></usr/share/texmf-dist/fonts/type1/public/c
m-super/sfbx2074.pfb></usr/share/texmf-dist/fonts/type1/public/cm-super/sfbx248
8.pfb></usr/share/texmf-dist/fonts/type1/public/cm-super/sfcc1000.pfb></usr/sha
re/texmf-dist/fonts/type1/public/cm-super/sfrm0600.pfb></usr/share/texmf-dist/f
onts/type1/public/cm-super/sfrm0700.pfb></usr/share/texmf-dist/fonts/type1/publ
ic/cm-super/sfrm0800.pfb></usr/share/texmf-dist/fonts/type1/public/cm-super/sfr
m1000.pfb></usr/share/texmf-dist/fonts/type1/public/cm-super/sfsl1000.pfb></usr
/share/texmf-dist/fonts/type1/public/cm-super/sfti0800.pfb></usr/share/texmf-di
st/fonts/type1/public/cm-super/sfti1000.pfb></usr/share/texmf-dist/fonts/type1/
public/cm-super/sfxc1000.pfb>
Output written on SAMPLE.pdf (21 pages, 321490 bytes).
PDF statistics:
 288 PDF objects out of 1000 (max. 8388607)
 233 compressed objects within 3 object streams
 50 named destinations out of 1000 (max. 500000)
 142 words of extra memory for PDF output out of 10000 (max. 10000000)

